Using pre-set license
Built from '2022.3/staging' branch; Version is '2022.3.39f1 (4e1b0f82c39a) revision 5118735'; Using compiler version '192829333'; Build Type 'Release'
OS: 'Windows 11  (10.0.22631) 64bit Core' Language: 'en' Physical Memory: 7860 MB
BatchMode: 1, IsHumanControllingUs: 0, StartBugReporterOnCrash: 0, Is64bit: 1, IsPro: 1

COMMAND LINE ARGUMENTS:
D:\unity\2022.3.39f1\Editor\Unity.exe
-adb2
-batchMode
-noUpm
-name
AssetImportWorker9
-projectPath
D:/unityprojects/My project2
-logFile
Logs/AssetImportWorker9.log
-srvPort
50945
Successfully changed project path to: D:/unityprojects/My project2
D:/unityprojects/My project2
[UnityMemory] Configuration Parameters - Can be set up in boot.config
    "memorysetup-bucket-allocator-granularity=16"
    "memorysetup-bucket-allocator-bucket-count=8"
    "memorysetup-bucket-allocator-block-size=33554432"
    "memorysetup-bucket-allocator-block-count=8"
    "memorysetup-main-allocator-block-size=16777216"
    "memorysetup-thread-allocator-block-size=16777216"
    "memorysetup-gfx-main-allocator-block-size=16777216"
    "memorysetup-gfx-thread-allocator-block-size=16777216"
    "memorysetup-cache-allocator-block-size=4194304"
    "memorysetup-typetree-allocator-block-size=2097152"
    "memorysetup-profiler-bucket-allocator-granularity=16"
    "memorysetup-profiler-bucket-allocator-bucket-count=8"
    "memorysetup-profiler-bucket-allocator-block-size=33554432"
    "memorysetup-profiler-bucket-allocator-block-count=8"
    "memorysetup-profiler-allocator-block-size=16777216"
    "memorysetup-profiler-editor-allocator-block-size=1048576"
    "memorysetup-temp-allocator-size-main=16777216"
    "memorysetup-job-temp-allocator-block-size=2097152"
    "memorysetup-job-temp-allocator-block-size-background=1048576"
    "memorysetup-job-temp-allocator-reduction-small-platforms=262144"
    "memorysetup-allocator-temp-initial-block-size-main=262144"
    "memorysetup-allocator-temp-initial-block-size-worker=262144"
    "memorysetup-temp-allocator-size-background-worker=32768"
    "memorysetup-temp-allocator-size-job-worker=262144"
    "memorysetup-temp-allocator-size-preload-manager=33554432"
    "memorysetup-temp-allocator-size-nav-mesh-worker=65536"
    "memorysetup-temp-allocator-size-audio-worker=65536"
    "memorysetup-temp-allocator-size-cloud-worker=32768"
    "memorysetup-temp-allocator-size-gi-baking-worker=262144"
    "memorysetup-temp-allocator-size-gfx=262144"
Player connection [19720]  Target information:

Player connection [19720]  * "[IP] 192.168.18.212 [Port] 0 [Flags] 2 [Guid] 3516509603 [EditorId] 3516509603 [Version] 1048832 [Id] WindowsEditor(7,Hammads-Lappy) [Debug] 1 [PackageName] WindowsEditor [ProjectName] Editor" 

Player connection [19720] Host joined multi-casting on [225.0.0.222:54997]...
Player connection [19720] Host joined alternative multi-casting on [225.0.0.222:34997]...
[PhysX] Initialized MultithreadedTaskDispatcher with 12 workers.
Refreshing native plugins compatible for Editor in 11.56 ms, found 3 plugins.
Preloading 0 native plugins for Editor in 0.00 ms.
Initialize engine version: 2022.3.39f1 (4e1b0f82c39a)
[Subsystems] Discovering subsystems at path D:/unity/2022.3.39f1/Editor/Data/Resources/UnitySubsystems
[Subsystems] Discovering subsystems at path D:/unityprojects/My project2/Assets
GfxDevice: creating device client; threaded=0; jobified=0
Direct3D:
    Version:  Direct3D 11.0 [level 11.1]
    Renderer: NVIDIA GeForce GTX 1650 (ID=0x1f9d)
    Vendor:   NVIDIA
    VRAM:     3950 MB
    Driver:   31.0.15.4633
Initialize mono
Mono path[0] = 'D:/unity/2022.3.39f1/Editor/Data/Managed'
Mono path[1] = 'D:/unity/2022.3.39f1/Editor/Data/MonoBleedingEdge/lib/mono/unityjit-win32'
Mono config path = 'D:/unity/2022.3.39f1/Editor/Data/MonoBleedingEdge/etc'
Using monoOptions --debugger-agent=transport=dt_socket,embedding=1,server=y,suspend=n,address=127.0.0.1:56680
Begin MonoManager ReloadAssembly
Registering precompiled unity dll's ...
Register platform support module: D:/unity/2022.3.39f1/Editor/Data/PlaybackEngines/AndroidPlayer/UnityEditor.Android.Extensions.dll
Register platform support module: D:/unity/2022.3.39f1/Editor/Data/PlaybackEngines/WindowsStandaloneSupport/UnityEditor.WindowsStandalone.Extensions.dll
Registered in 0.002460 seconds.
- Loaded All Assemblies, in  0.352 seconds
Native extension for WindowsStandalone target not found
Native extension for Android target not found
Android SDK Build-tools component is not found. Make sure all tools are installed in the SDK manager.
UnityEngine.StackTraceUtility:ExtractStackTrace ()
UnityEngine.DebugLogHandler:LogFormat (UnityEngine.LogType,UnityEngine.Object,string,object[])
UnityEngine.Logger:Log (UnityEngine.LogType,object)
UnityEngine.Debug:LogError (object)
UnityEditor.Android.AndroidSDKTools:UpdateToolsDirectories ()
UnityEditor.Android.AndroidSDKTools:.ctor (string)
UnityEditor.Android.AndroidSDKTools:CreateAndroidSDKTools (string)
UnityEditor.Android.AndroidSDKTools:GetInstance<UnityEditor.Android.AndroidSDKTools> (UnityEditor.Android.AndroidSDKTools/InstanceCreator)
UnityEditor.Android.AndroidSDKTools:GetInstance ()
UnityEditor.Android.AndroidDeploymentTargetsExtension:GetMainThreadContext (bool)
UnityEditor.Android.TargetExtension:OnUsbDevicesChanged (UnityEditor.Hardware.UsbDevice[])
UnityEditor.Android.TargetExtension:OnLoad ()
UnityEditor.Modules.ModuleManager:InitializePlatformSupportModules ()

Android Extension - Scanning For ADB Devices 292 ms
Mono: successfully reloaded assembly
- Finished resetting the current domain, in  0.562 seconds
Domain Reload Profiling: 914ms
	BeginReloadAssembly (134ms)
		ExecutionOrderSort (0ms)
		DisableScriptedObjects (0ms)
		BackupInstance (0ms)
		ReleaseScriptingObjects (0ms)
		CreateAndSetChildDomain (1ms)
	RebuildCommonClasses (38ms)
	RebuildNativeTypeToScriptingClass (10ms)
	initialDomainReloadingComplete (45ms)
	LoadAllAssembliesAndSetupDomain (124ms)
		LoadAssemblies (134ms)
		RebuildTransferFunctionScriptingTraits (0ms)
		AnalyzeDomain (122ms)
			TypeCache.Refresh (121ms)
				TypeCache.ScanAssembly (110ms)
			ScanForSourceGeneratedMonoScriptInfo (1ms)
			ResolveRequiredComponents (0ms)
	FinalizeReload (562ms)
		ReleaseScriptCaches (0ms)
		RebuildScriptCaches (0ms)
		SetupLoadedEditorAssemblies (517ms)
			LogAssemblyErrors (0ms)
			InitializePlatformSupportModulesInManaged (375ms)
			SetLoadedEditorAssemblies (4ms)
			RefreshPlugins (0ms)
			BeforeProcessingInitializeOnLoad (2ms)
			ProcessInitializeOnLoadAttributes (93ms)
			ProcessInitializeOnLoadMethodAttributes (44ms)
			AfterProcessingInitializeOnLoad (0ms)
			EditorAssembliesLoaded (0ms)
		ExecutionOrderSort2 (0ms)
		AwakeInstancesAfterBackupRestoration (0ms)
========================================================================
Worker process is ready to serve import requests
Begin MonoManager ReloadAssembly
Symbol file LoadedFromMemory is not a mono symbol file
- Loaded All Assemblies, in  0.711 seconds
Refreshing native plugins compatible for Editor in 4.85 ms, found 3 plugins.
Native extension for WindowsStandalone target not found
Native extension for Android target not found
Package Manager log level set to [2]
[Package Manager] Server::EnsureServerProcessIsRunning -- launch failed, reason: Unity was launched with the -noUpm command-line argument
[Package Manager] UpmClient::Send -- Unable to send message (not connected to UPM process).
[Package Manager] Cannot connect to Unity Package Manager local server
Mono: successfully reloaded assembly
- Finished resetting the current domain, in  0.673 seconds
Domain Reload Profiling: 1384ms
	BeginReloadAssembly (115ms)
		ExecutionOrderSort (0ms)
		DisableScriptedObjects (4ms)
		BackupInstance (0ms)
		ReleaseScriptingObjects (0ms)
		CreateAndSetChildDomain (17ms)
	RebuildCommonClasses (24ms)
	RebuildNativeTypeToScriptingClass (7ms)
	initialDomainReloadingComplete (28ms)
	LoadAllAssembliesAndSetupDomain (537ms)
		LoadAssemblies (393ms)
		RebuildTransferFunctionScriptingTraits (0ms)
		AnalyzeDomain (214ms)
			TypeCache.Refresh (189ms)
				TypeCache.ScanAssembly (162ms)
			ScanForSourceGeneratedMonoScriptInfo (19ms)
			ResolveRequiredComponents (4ms)
	FinalizeReload (673ms)
		ReleaseScriptCaches (0ms)
		RebuildScriptCaches (0ms)
		SetupLoadedEditorAssemblies (543ms)
			LogAssemblyErrors (0ms)
			InitializePlatformSupportModulesInManaged (17ms)
			SetLoadedEditorAssemblies (3ms)
			RefreshPlugins (0ms)
			BeforeProcessingInitializeOnLoad (49ms)
			ProcessInitializeOnLoadAttributes (364ms)
			ProcessInitializeOnLoadMethodAttributes (109ms)
			AfterProcessingInitializeOnLoad (1ms)
			EditorAssembliesLoaded (0ms)
		ExecutionOrderSort2 (0ms)
		AwakeInstancesAfterBackupRestoration (5ms)
Launched and connected shader compiler UnityShaderCompiler.exe after 0.07 seconds
Refreshing native plugins compatible for Editor in 3.62 ms, found 3 plugins.
Preloading 0 native plugins for Editor in 0.00 ms.
Unloading 4312 Unused Serialized files (Serialized files now loaded: 0)
Unloading 76 unused Assets / (215.8 KB). Loaded Objects now: 4751.
Memory consumption went from 160.5 MB to 160.3 MB.
Total: 6.282600 ms (FindLiveObjects: 0.242600 ms CreateObjectMapping: 0.121800 ms MarkObjects: 5.688100 ms  DeleteObjects: 0.228800 ms)

AssetImportParameters requested are different than current active one (requested -> active):
  custom:container-demuxer-ogg: 62fdf1f143b41e24485cea50d1cbac27 -> 
  custom:video-codec-MediaFoundation-h265: 746d11721c4dcdbdad8f713fa42b33f4 -> 
  custom:video-decoder-ogg-theora: a1e56fd34408186e4bbccfd4996cb3dc -> 
  custom:framework-win-MediaFoundation: 216162199b28c13a410421893ffa2e32 -> 
  custom:CustomObjectIndexerAttribute: 9a22284fe3817be447336de3de66b15e -> 
  custom:container-demuxer-webm: 4f35f7cbe854078d1ac9338744f61a02 -> 
  custom:container-muxer-webm: aa71ff27fc2769a1b78a27578f13a17b -> 
  custom:video-decoder-webm-vp8: 9c59270c3fd7afecdb556c50c9e8de78 -> 
  custom:SearchIndexIgnoredProperties: e643bd26f0fe6173181afceb89e7c659 -> 
  custom:AudioImporter_EditorPlatform: d09bf68614088b80899f8185d706f6e7 -> 
  custom:video-encoder-webm-vp8: eb34c28f22e8b96e1ab97ce403110664 -> 
  custom:audio-decoder-ogg-vorbis: bf7c407c2cedff20999df2af8eb42d56 -> 
  custom:audio-encoder-webm-vorbis: bf7c407c2cedff20999df2af8eb42d56 -> 
========================================================================
Received Import Request.
  Time since last request: 17944.029236 seconds.
  path: Assets/downloadedstuff/Polygon Arsenal/Demo/Materials/fog.mat
  artifactKey: Guid(427e3b6bc2556994b913866f60944d94) Importer(815301076,1909f56bfc062723c751e8b465ee728b)
Start importing Assets/downloadedstuff/Polygon Arsenal/Demo/Materials/fog.mat using Guid(427e3b6bc2556994b913866f60944d94) Importer(815301076,1909f56bfc062723c751e8b465ee728b) [PhysX] Initialized MultithreadedTaskDispatcher with 12 workers.
[PhysX] Initialized MultithreadedTaskDispatcher with 12 workers.
 -> (artifact id: '48b532d2e4fac83e08a09ce8ef208284') in 0.132110 seconds
Number of updated asset objects reloaded before import = 0
Number of asset objects unloaded after import = 1
========================================================================
Received Import Request.
  Time since last request: 0.000051 seconds.
  path: Assets/downloadedstuff/Polygon Arsenal/Demo/Materials
  artifactKey: Guid(21cbb4b9f7a7b34458cdb82debcde8eb) Importer(815301076,1909f56bfc062723c751e8b465ee728b)
Start importing Assets/downloadedstuff/Polygon Arsenal/Demo/Materials using Guid(21cbb4b9f7a7b34458cdb82debcde8eb) Importer(815301076,1909f56bfc062723c751e8b465ee728b) [PhysX] Initialized MultithreadedTaskDispatcher with 12 workers.
 -> (artifact id: 'fdec9ad5322391afde0331795035a4ed') in 0.000707 seconds
Number of updated asset objects reloaded before import = 0
Number of asset objects unloaded after import = 0
========================================================================
Received Import Request.
  Time since last request: 0.000145 seconds.
  path: Assets/downloadedstuff/Polygon Arsenal/Demo/Materials/walltile.mat
  artifactKey: Guid(255169097d37cf748977b6d8b0de7e3e) Importer(815301076,1909f56bfc062723c751e8b465ee728b)
Start importing Assets/downloadedstuff/Polygon Arsenal/Demo/Materials/walltile.mat using Guid(255169097d37cf748977b6d8b0de7e3e) Importer(815301076,1909f56bfc062723c751e8b465ee728b) [PhysX] Initialized MultithreadedTaskDispatcher with 12 workers.
[PhysX] Initialized MultithreadedTaskDispatcher with 12 workers.
 -> (artifact id: '13121147f2e847f251c8fe48224808c4') in 0.038787 seconds
Number of updated asset objects reloaded before import = 0
Number of asset objects unloaded after import = 2
========================================================================
Received Import Request.
  Time since last request: 0.000027 seconds.
  path: Assets/downloadedstuff/Polygon Arsenal/Demo/Materials/groundtilesingle.mat
  artifactKey: Guid(4eea9b931bbcc374aa455802fd5d91c7) Importer(815301076,1909f56bfc062723c751e8b465ee728b)
Start importing Assets/downloadedstuff/Polygon Arsenal/Demo/Materials/groundtilesingle.mat using Guid(4eea9b931bbcc374aa455802fd5d91c7) Importer(815301076,1909f56bfc062723c751e8b465ee728b) [PhysX] Initialized MultithreadedTaskDispatcher with 12 workers.
[PhysX] Initialized MultithreadedTaskDispatcher with 12 workers.
 -> (artifact id: 'ec552d528d721b61349c3372e5a77f3a') in 0.023399 seconds
Number of updated asset objects reloaded before import = 0
Number of asset objects unloaded after import = 2
========================================================================
Received Import Request.
  Time since last request: 0.000041 seconds.
  path: Assets/downloadedstuff/Polygon Arsenal/Demo/Materials/walltile2.mat
  artifactKey: Guid(73da41a9c10bf314199b7a2909680200) Importer(815301076,1909f56bfc062723c751e8b465ee728b)
Start importing Assets/downloadedstuff/Polygon Arsenal/Demo/Materials/walltile2.mat using Guid(73da41a9c10bf314199b7a2909680200) Importer(815301076,1909f56bfc062723c751e8b465ee728b) [PhysX] Initialized MultithreadedTaskDispatcher with 12 workers.
[PhysX] Initialized MultithreadedTaskDispatcher with 12 workers.
 -> (artifact id: '6dbb2843d48d4177aea55b4c966df125') in 0.026739 seconds
Number of updated asset objects reloaded before import = 0
Number of asset objects unloaded after import = 2
========================================================================
Received Import Request.
  Time since last request: 0.000037 seconds.
  path: Assets/downloadedstuff/Polygon Arsenal/Demo/Materials/groundtile_striped.mat
  artifactKey: Guid(a9a4f6f7c9bc80e48898a2b8c67734af) Importer(815301076,1909f56bfc062723c751e8b465ee728b)
Start importing Assets/downloadedstuff/Polygon Arsenal/Demo/Materials/groundtile_striped.mat using Guid(a9a4f6f7c9bc80e48898a2b8c67734af) Importer(815301076,1909f56bfc062723c751e8b465ee728b) [PhysX] Initialized MultithreadedTaskDispatcher with 12 workers.
[PhysX] Initialized MultithreadedTaskDispatcher with 12 workers.
 -> (artifact id: '2ca6db1d47f83df138a320415152412c') in 0.029356 seconds
Number of updated asset objects reloaded before import = 0
Number of asset objects unloaded after import = 2
========================================================================
Received Import Request.
  Time since last request: 50.984880 seconds.
  path: Assets/downloadedstuff/Polygon Arsenal/Materials/Gradients/PolySpriteGlow.mat
  artifactKey: Guid(2f3f789aad8546a488298feff43c3082) Importer(815301076,1909f56bfc062723c751e8b465ee728b)
Start importing Assets/downloadedstuff/Polygon Arsenal/Materials/Gradients/PolySpriteGlow.mat using Guid(2f3f789aad8546a488298feff43c3082) Importer(815301076,1909f56bfc062723c751e8b465ee728b) [PhysX] Initialized MultithreadedTaskDispatcher with 12 workers.
[PhysX] Initialized MultithreadedTaskDispatcher with 12 workers.
 -> (artifact id: '4c06a9bf6c9aad5758a854bb96b09845') in 0.021322 seconds
Number of updated asset objects reloaded before import = 0
Number of asset objects unloaded after import = 2
========================================================================
Received Import Request.
  Time since last request: 0.000040 seconds.
  path: Assets/downloadedstuff/Polygon Arsenal/Materials/Gradients/PolySpriteGlowDark.mat
  artifactKey: Guid(d89f2a05eba30f94eb2ddf7506b6146c) Importer(815301076,1909f56bfc062723c751e8b465ee728b)
Start importing Assets/downloadedstuff/Polygon Arsenal/Materials/Gradients/PolySpriteGlowDark.mat using Guid(d89f2a05eba30f94eb2ddf7506b6146c) Importer(815301076,1909f56bfc062723c751e8b465ee728b) [PhysX] Initialized MultithreadedTaskDispatcher with 12 workers.
[PhysX] Initialized MultithreadedTaskDispatcher with 12 workers.
 -> (artifact id: '70d2321ab3b5924a72b6b1daa49109b9') in 0.049865 seconds
Number of updated asset objects reloaded before import = 0
Number of asset objects unloaded after import = 2
========================================================================
Received Import Request.
  Time since last request: 22.827678 seconds.
  path: Assets/downloadedstuff/Polygon Arsenal/Materials/Sprites/PolySpriteLineHighIntensity.mat
  artifactKey: Guid(d0f04f68279b2ae4eb74da61364f4c0c) Importer(815301076,1909f56bfc062723c751e8b465ee728b)
Start importing Assets/downloadedstuff/Polygon Arsenal/Materials/Sprites/PolySpriteLineHighIntensity.mat using Guid(d0f04f68279b2ae4eb74da61364f4c0c) Importer(815301076,1909f56bfc062723c751e8b465ee728b) [PhysX] Initialized MultithreadedTaskDispatcher with 12 workers.
[PhysX] Initialized MultithreadedTaskDispatcher with 12 workers.
 -> (artifact id: '72cef0ec5224f09135da34345d38ff08') in 0.024445 seconds
Number of updated asset objects reloaded before import = 0
Number of asset objects unloaded after import = 2
========================================================================
Received Import Request.
  Time since last request: 0.000192 seconds.
  path: Assets/downloadedstuff/Polygon Arsenal/Materials/Sprites/PolySpriteRingGlowSharp.mat
  artifactKey: Guid(9c4a68216d311c148902811d23c483a1) Importer(815301076,1909f56bfc062723c751e8b465ee728b)
Start importing Assets/downloadedstuff/Polygon Arsenal/Materials/Sprites/PolySpriteRingGlowSharp.mat using Guid(9c4a68216d311c148902811d23c483a1) Importer(815301076,1909f56bfc062723c751e8b465ee728b) [PhysX] Initialized MultithreadedTaskDispatcher with 12 workers.
[PhysX] Initialized MultithreadedTaskDispatcher with 12 workers.
 -> (artifact id: 'e952d4b588af580842e43d6e732e5479') in 0.022215 seconds
Number of updated asset objects reloaded before import = 0
Number of asset objects unloaded after import = 2
========================================================================
Received Import Request.
  Time since last request: 31.613935 seconds.
  path: Assets/downloadedstuff/Polygon Arsenal/Prefabs/Combat/Charge/ChargeSpherePink.prefab
  artifactKey: Guid(370d2c907afc8324b93b38547dc92299) Importer(815301076,1909f56bfc062723c751e8b465ee728b)
Start importing Assets/downloadedstuff/Polygon Arsenal/Prefabs/Combat/Charge/ChargeSpherePink.prefab using Guid(370d2c907afc8324b93b38547dc92299) Importer(815301076,1909f56bfc062723c751e8b465ee728b) [PhysX] Initialized MultithreadedTaskDispatcher with 12 workers.
[PhysX] Initialized MultithreadedTaskDispatcher with 12 workers.
 -> (artifact id: 'cfd43fb7c5c6cb83aa061d1a0b0d3fad') in 0.042178 seconds
Number of updated asset objects reloaded before import = 0
Number of asset objects unloaded after import = 23
========================================================================
Received Import Request.
  Time since last request: 0.000039 seconds.
  path: Assets/downloadedstuff/Polygon Arsenal/Prefabs/Combat/Charge
  artifactKey: Guid(f7d713208f284374db37da15b381451d) Importer(815301076,1909f56bfc062723c751e8b465ee728b)
Start importing Assets/downloadedstuff/Polygon Arsenal/Prefabs/Combat/Charge using Guid(f7d713208f284374db37da15b381451d) Importer(815301076,1909f56bfc062723c751e8b465ee728b) [PhysX] Initialized MultithreadedTaskDispatcher with 12 workers.
 -> (artifact id: '4a7f44cd097604d6c0ebdc11b3543dec') in 0.001217 seconds
Number of updated asset objects reloaded before import = 0
Number of asset objects unloaded after import = 0
========================================================================
Received Import Request.
  Time since last request: 0.000040 seconds.
  path: Assets/downloadedstuff/Polygon Arsenal/Prefabs/Combat/Charge/ChargeSphereRed.prefab
  artifactKey: Guid(6bfeafaf396188547a6546ac8a2c2834) Importer(815301076,1909f56bfc062723c751e8b465ee728b)
Start importing Assets/downloadedstuff/Polygon Arsenal/Prefabs/Combat/Charge/ChargeSphereRed.prefab using Guid(6bfeafaf396188547a6546ac8a2c2834) Importer(815301076,1909f56bfc062723c751e8b465ee728b) [PhysX] Initialized MultithreadedTaskDispatcher with 12 workers.
[PhysX] Initialized MultithreadedTaskDispatcher with 12 workers.
 -> (artifact id: '1797e0fa4f7462b2ebd157b6f05519c3') in 0.024438 seconds
Number of updated asset objects reloaded before import = 0
Number of asset objects unloaded after import = 23
========================================================================
Received Import Request.
  Time since last request: 12.340487 seconds.
  path: Assets/downloadedstuff/Polygon Arsenal/Prefabs/Interactive/BlackHole/BlackHolePink.prefab
  artifactKey: Guid(0dae1104d8240b140a7fd9246d5fcb0f) Importer(815301076,1909f56bfc062723c751e8b465ee728b)
Start importing Assets/downloadedstuff/Polygon Arsenal/Prefabs/Interactive/BlackHole/BlackHolePink.prefab using Guid(0dae1104d8240b140a7fd9246d5fcb0f) Importer(815301076,1909f56bfc062723c751e8b465ee728b) [PhysX] Initialized MultithreadedTaskDispatcher with 12 workers.
[PhysX] Initialized MultithreadedTaskDispatcher with 12 workers.
 -> (artifact id: '19d10b2695d81025d4cdea5154d02ae0') in 0.040182 seconds
Number of updated asset objects reloaded before import = 0
Number of asset objects unloaded after import = 35
========================================================================
Received Import Request.
  Time since last request: 0.000046 seconds.
  path: Assets/downloadedstuff/Polygon Arsenal/Prefabs/Interactive/BlackHole/BlackHoleRed.prefab
  artifactKey: Guid(16264a5b407da1145afcbde56a0436ab) Importer(815301076,1909f56bfc062723c751e8b465ee728b)
Start importing Assets/downloadedstuff/Polygon Arsenal/Prefabs/Interactive/BlackHole/BlackHoleRed.prefab using Guid(16264a5b407da1145afcbde56a0436ab) Importer(815301076,1909f56bfc062723c751e8b465ee728b) [PhysX] Initialized MultithreadedTaskDispatcher with 12 workers.
[PhysX] Initialized MultithreadedTaskDispatcher with 12 workers.
 -> (artifact id: '675bb3eb2984e3554831eedd838eaf2a') in 0.025520 seconds
Number of updated asset objects reloaded before import = 0
Number of asset objects unloaded after import = 35
========================================================================
Received Import Request.
  Time since last request: 8.158276 seconds.
  path: Assets/downloadedstuff/Polygon Arsenal/Textures/PolySpriteGlow.png
  artifactKey: Guid(1c62d9feb9569b44c8ed7a2f35c2abf9) Importer(815301076,1909f56bfc062723c751e8b465ee728b)
Start importing Assets/downloadedstuff/Polygon Arsenal/Textures/PolySpriteGlow.png using Guid(1c62d9feb9569b44c8ed7a2f35c2abf9) Importer(815301076,1909f56bfc062723c751e8b465ee728b) [PhysX] Initialized MultithreadedTaskDispatcher with 12 workers.
[PhysX] Initialized MultithreadedTaskDispatcher with 12 workers.
 -> (artifact id: '16093ea94bb644f00dd73a3e4f9b4cad') in 0.017844 seconds
Number of updated asset objects reloaded before import = 0
Number of asset objects unloaded after import = 2
========================================================================
Received Import Request.
  Time since last request: 0.000027 seconds.
  path: Assets/downloadedstuff/Polygon Arsenal/Textures/polyspriteline.png
  artifactKey: Guid(e6b414e76227dd24e86e77131f4fe270) Importer(815301076,1909f56bfc062723c751e8b465ee728b)
Start importing Assets/downloadedstuff/Polygon Arsenal/Textures/polyspriteline.png using Guid(e6b414e76227dd24e86e77131f4fe270) Importer(815301076,1909f56bfc062723c751e8b465ee728b) [PhysX] Initialized MultithreadedTaskDispatcher with 12 workers.
[PhysX] Initialized MultithreadedTaskDispatcher with 12 workers.
 -> (artifact id: '6916284ba57c814d3ac43b4247392969') in 0.010448 seconds
Number of updated asset objects reloaded before import = 0
Number of asset objects unloaded after import = 2
========================================================================
Received Import Request.
  Time since last request: 0.000028 seconds.
  path: Assets/downloadedstuff/Polygon Arsenal/Textures/PolyStarsGlow.png
  artifactKey: Guid(640ba4b8053834bb7b65a6e94c81de5f) Importer(815301076,1909f56bfc062723c751e8b465ee728b)
Start importing Assets/downloadedstuff/Polygon Arsenal/Textures/PolyStarsGlow.png using Guid(640ba4b8053834bb7b65a6e94c81de5f) Importer(815301076,1909f56bfc062723c751e8b465ee728b) [PhysX] Initialized MultithreadedTaskDispatcher with 12 workers.
[PhysX] Initialized MultithreadedTaskDispatcher with 12 workers.
 -> (artifact id: 'f18cee32c914a361ca0b957871ad98d3') in 0.009775 seconds
Number of updated asset objects reloaded before import = 0
Number of asset objects unloaded after import = 2
Editor requested this worker to shutdown with reason: Scaling down because of idle timeout
TcpMessagingSession - receive error
AssetImportWorkerClient::OnTransportError - code=2 error=End of file
AssetImportWorker is now disconnected from the server
Process exiting
Exiting without the bug reporter. Application will terminate with return code 0