Using pre-set license
Built from '2022.3/staging' branch; Version is '2022.3.39f1 (4e1b0f82c39a) revision 5118735'; Using compiler version '192829333'; Build Type 'Release'
OS: 'Windows 11  (10.0.22631) 64bit Core' Language: 'en' Physical Memory: 7860 MB
BatchMode: 1, IsHumanControllingUs: 0, StartBugReporterOnCrash: 0, Is64bit: 1, IsPro: 1

COMMAND LINE ARGUMENTS:
D:\unity\2022.3.39f1\Editor\Unity.exe
-adb2
-batchMode
-noUpm
-name
AssetImportWorker7
-projectPath
D:/unityprojects/My project2
-logFile
Logs/AssetImportWorker7.log
-srvPort
51091
Successfully changed project path to: D:/unityprojects/My project2
D:/unityprojects/My project2
[UnityMemory] Configuration Parameters - Can be set up in boot.config
    "memorysetup-bucket-allocator-granularity=16"
    "memorysetup-bucket-allocator-bucket-count=8"
    "memorysetup-bucket-allocator-block-size=33554432"
    "memorysetup-bucket-allocator-block-count=8"
    "memorysetup-main-allocator-block-size=16777216"
    "memorysetup-thread-allocator-block-size=16777216"
    "memorysetup-gfx-main-allocator-block-size=16777216"
    "memorysetup-gfx-thread-allocator-block-size=16777216"
    "memorysetup-cache-allocator-block-size=4194304"
    "memorysetup-typetree-allocator-block-size=2097152"
    "memorysetup-profiler-bucket-allocator-granularity=16"
    "memorysetup-profiler-bucket-allocator-bucket-count=8"
    "memorysetup-profiler-bucket-allocator-block-size=33554432"
    "memorysetup-profiler-bucket-allocator-block-count=8"
    "memorysetup-profiler-allocator-block-size=16777216"
    "memorysetup-profiler-editor-allocator-block-size=1048576"
    "memorysetup-temp-allocator-size-main=16777216"
    "memorysetup-job-temp-allocator-block-size=2097152"
    "memorysetup-job-temp-allocator-block-size-background=1048576"
    "memorysetup-job-temp-allocator-reduction-small-platforms=262144"
    "memorysetup-allocator-temp-initial-block-size-main=262144"
    "memorysetup-allocator-temp-initial-block-size-worker=262144"
    "memorysetup-temp-allocator-size-background-worker=32768"
    "memorysetup-temp-allocator-size-job-worker=262144"
    "memorysetup-temp-allocator-size-preload-manager=33554432"
    "memorysetup-temp-allocator-size-nav-mesh-worker=65536"
    "memorysetup-temp-allocator-size-audio-worker=65536"
    "memorysetup-temp-allocator-size-cloud-worker=32768"
    "memorysetup-temp-allocator-size-gi-baking-worker=262144"
    "memorysetup-temp-allocator-size-gfx=262144"
Player connection [20864]  Target information:

Player connection [20864]  * "[IP] 192.168.18.212 [Port] 0 [Flags] 2 [Guid] 2166895639 [EditorId] 2166895639 [Version] 1048832 [Id] WindowsEditor(7,Hammads-Lappy) [Debug] 1 [PackageName] WindowsEditor [ProjectName] Editor" 

Player connection [20864] Host joined multi-casting on [225.0.0.222:54997]...
Player connection [20864] Host joined alternative multi-casting on [225.0.0.222:34997]...
[PhysX] Initialized MultithreadedTaskDispatcher with 12 workers.
Refreshing native plugins compatible for Editor in 12.41 ms, found 3 plugins.
Preloading 0 native plugins for Editor in 0.00 ms.
Initialize engine version: 2022.3.39f1 (4e1b0f82c39a)
[Subsystems] Discovering subsystems at path D:/unity/2022.3.39f1/Editor/Data/Resources/UnitySubsystems
[Subsystems] Discovering subsystems at path D:/unityprojects/My project2/Assets
GfxDevice: creating device client; threaded=0; jobified=0
Direct3D:
    Version:  Direct3D 11.0 [level 11.1]
    Renderer: NVIDIA GeForce GTX 1650 (ID=0x1f9d)
    Vendor:   NVIDIA
    VRAM:     3950 MB
    Driver:   31.0.15.4633
Initialize mono
Mono path[0] = 'D:/unity/2022.3.39f1/Editor/Data/Managed'
Mono path[1] = 'D:/unity/2022.3.39f1/Editor/Data/MonoBleedingEdge/lib/mono/unityjit-win32'
Mono config path = 'D:/unity/2022.3.39f1/Editor/Data/MonoBleedingEdge/etc'
Using monoOptions --debugger-agent=transport=dt_socket,embedding=1,server=y,suspend=n,address=127.0.0.1:56412
Begin MonoManager ReloadAssembly
Registering precompiled unity dll's ...
Register platform support module: D:/unity/2022.3.39f1/Editor/Data/PlaybackEngines/AndroidPlayer/UnityEditor.Android.Extensions.dll
Register platform support module: D:/unity/2022.3.39f1/Editor/Data/PlaybackEngines/WindowsStandaloneSupport/UnityEditor.WindowsStandalone.Extensions.dll
Registered in 0.002662 seconds.
- Loaded All Assemblies, in  0.321 seconds
Native extension for WindowsStandalone target not found
Native extension for Android target not found
Android SDK Build-tools component is not found. Make sure all tools are installed in the SDK manager.
UnityEngine.StackTraceUtility:ExtractStackTrace ()
UnityEngine.DebugLogHandler:LogFormat (UnityEngine.LogType,UnityEngine.Object,string,object[])
UnityEngine.Logger:Log (UnityEngine.LogType,object)
UnityEngine.Debug:LogError (object)
UnityEditor.Android.AndroidSDKTools:UpdateToolsDirectories ()
UnityEditor.Android.AndroidSDKTools:.ctor (string)
UnityEditor.Android.AndroidSDKTools:CreateAndroidSDKTools (string)
UnityEditor.Android.AndroidSDKTools:GetInstance<UnityEditor.Android.AndroidSDKTools> (UnityEditor.Android.AndroidSDKTools/InstanceCreator)
UnityEditor.Android.AndroidSDKTools:GetInstance ()
UnityEditor.Android.AndroidDeploymentTargetsExtension:GetMainThreadContext (bool)
UnityEditor.Android.TargetExtension:OnUsbDevicesChanged (UnityEditor.Hardware.UsbDevice[])
UnityEditor.Android.TargetExtension:OnLoad ()
UnityEditor.Modules.ModuleManager:InitializePlatformSupportModules ()

Android Extension - Scanning For ADB Devices 412 ms
Mono: successfully reloaded assembly
- Finished resetting the current domain, in  0.717 seconds
Domain Reload Profiling: 1038ms
	BeginReloadAssembly (112ms)
		ExecutionOrderSort (0ms)
		DisableScriptedObjects (0ms)
		BackupInstance (0ms)
		ReleaseScriptingObjects (0ms)
		CreateAndSetChildDomain (1ms)
	RebuildCommonClasses (29ms)
	RebuildNativeTypeToScriptingClass (9ms)
	initialDomainReloadingComplete (46ms)
	LoadAllAssembliesAndSetupDomain (125ms)
		LoadAssemblies (112ms)
		RebuildTransferFunctionScriptingTraits (0ms)
		AnalyzeDomain (122ms)
			TypeCache.Refresh (121ms)
				TypeCache.ScanAssembly (109ms)
			ScanForSourceGeneratedMonoScriptInfo (0ms)
			ResolveRequiredComponents (0ms)
	FinalizeReload (718ms)
		ReleaseScriptCaches (0ms)
		RebuildScriptCaches (0ms)
		SetupLoadedEditorAssemblies (654ms)
			LogAssemblyErrors (0ms)
			InitializePlatformSupportModulesInManaged (509ms)
			SetLoadedEditorAssemblies (3ms)
			RefreshPlugins (0ms)
			BeforeProcessingInitializeOnLoad (2ms)
			ProcessInitializeOnLoadAttributes (99ms)
			ProcessInitializeOnLoadMethodAttributes (41ms)
			AfterProcessingInitializeOnLoad (0ms)
			EditorAssembliesLoaded (0ms)
		ExecutionOrderSort2 (0ms)
		AwakeInstancesAfterBackupRestoration (0ms)
========================================================================
Worker process is ready to serve import requests
Begin MonoManager ReloadAssembly
Symbol file LoadedFromMemory is not a mono symbol file
- Loaded All Assemblies, in  0.624 seconds
Refreshing native plugins compatible for Editor in 27.13 ms, found 3 plugins.
Native extension for WindowsStandalone target not found
Native extension for Android target not found
Package Manager log level set to [2]
[Package Manager] Server::EnsureServerProcessIsRunning -- launch failed, reason: Unity was launched with the -noUpm command-line argument
[Package Manager] UpmClient::Send -- Unable to send message (not connected to UPM process).
[Package Manager] Cannot connect to Unity Package Manager local server
Mono: successfully reloaded assembly
- Finished resetting the current domain, in  0.814 seconds
Domain Reload Profiling: 1438ms
	BeginReloadAssembly (144ms)
		ExecutionOrderSort (0ms)
		DisableScriptedObjects (4ms)
		BackupInstance (0ms)
		ReleaseScriptingObjects (0ms)
		CreateAndSetChildDomain (19ms)
	RebuildCommonClasses (27ms)
	RebuildNativeTypeToScriptingClass (8ms)
	initialDomainReloadingComplete (30ms)
	LoadAllAssembliesAndSetupDomain (413ms)
		LoadAssemblies (323ms)
		RebuildTransferFunctionScriptingTraits (0ms)
		AnalyzeDomain (184ms)
			TypeCache.Refresh (157ms)
				TypeCache.ScanAssembly (140ms)
			ScanForSourceGeneratedMonoScriptInfo (22ms)
			ResolveRequiredComponents (5ms)
	FinalizeReload (814ms)
		ReleaseScriptCaches (0ms)
		RebuildScriptCaches (0ms)
		SetupLoadedEditorAssemblies (678ms)
			LogAssemblyErrors (0ms)
			InitializePlatformSupportModulesInManaged (20ms)
			SetLoadedEditorAssemblies (3ms)
			RefreshPlugins (0ms)
			BeforeProcessingInitializeOnLoad (63ms)
			ProcessInitializeOnLoadAttributes (447ms)
			ProcessInitializeOnLoadMethodAttributes (144ms)
			AfterProcessingInitializeOnLoad (2ms)
			EditorAssembliesLoaded (0ms)
		ExecutionOrderSort2 (0ms)
		AwakeInstancesAfterBackupRestoration (5ms)
Launched and connected shader compiler UnityShaderCompiler.exe after 0.05 seconds
Refreshing native plugins compatible for Editor in 6.98 ms, found 3 plugins.
Preloading 0 native plugins for Editor in 0.00 ms.
Unloading 4291 Unused Serialized files (Serialized files now loaded: 0)
Unloading 75 unused Assets / (75.2 KB). Loaded Objects now: 4728.
Memory consumption went from 156.0 MB to 155.9 MB.
Total: 8.663400 ms (FindLiveObjects: 0.503400 ms CreateObjectMapping: 0.130900 ms MarkObjects: 7.809100 ms  DeleteObjects: 0.218600 ms)

AssetImportParameters requested are different than current active one (requested -> active):
  custom:container-demuxer-ogg: 62fdf1f143b41e24485cea50d1cbac27 -> 
  custom:video-codec-MediaFoundation-h265: 746d11721c4dcdbdad8f713fa42b33f4 -> 
  custom:video-decoder-ogg-theora: a1e56fd34408186e4bbccfd4996cb3dc -> 
  custom:framework-win-MediaFoundation: 216162199b28c13a410421893ffa2e32 -> 
  custom:CustomObjectIndexerAttribute: 9a22284fe3817be447336de3de66b15e -> 
  custom:container-demuxer-webm: 4f35f7cbe854078d1ac9338744f61a02 -> 
  custom:container-muxer-webm: aa71ff27fc2769a1b78a27578f13a17b -> 
  custom:video-decoder-webm-vp8: 9c59270c3fd7afecdb556c50c9e8de78 -> 
  custom:SearchIndexIgnoredProperties: e643bd26f0fe6173181afceb89e7c659 -> 
  custom:AudioImporter_EditorPlatform: d09bf68614088b80899f8185d706f6e7 -> 
  custom:video-encoder-webm-vp8: eb34c28f22e8b96e1ab97ce403110664 -> 
  custom:audio-decoder-ogg-vorbis: bf7c407c2cedff20999df2af8eb42d56 -> 
  custom:audio-encoder-webm-vorbis: bf7c407c2cedff20999df2af8eb42d56 -> 
========================================================================
Received Import Request.
  Time since last request: 80667.453041 seconds.
  path: Assets/AA Low Poly Medieval Environment/Prefabs/Chains/Chain_1_Gray.prefab
  artifactKey: Guid(d301ef2d3803ebc4584c3abbd94d21e1) Importer(815301076,1909f56bfc062723c751e8b465ee728b)
Start importing Assets/AA Low Poly Medieval Environment/Prefabs/Chains/Chain_1_Gray.prefab using Guid(d301ef2d3803ebc4584c3abbd94d21e1) Importer(815301076,1909f56bfc062723c751e8b465ee728b) [PhysX] Initialized MultithreadedTaskDispatcher with 12 workers.
[PhysX] Initialized MultithreadedTaskDispatcher with 12 workers.
 -> (artifact id: 'c0e0897486947c07a278917c1f9a3529') in 0.365033 seconds
Number of updated asset objects reloaded before import = 0
Number of asset objects unloaded after import = 15
========================================================================
Received Import Request.
  Time since last request: 0.006483 seconds.
  path: Assets/AA Low Poly Medieval Environment/Prefabs/Chains/Chain_5_White.prefab
  artifactKey: Guid(766ad46ac93fd754aa157223b694014b) Importer(815301076,1909f56bfc062723c751e8b465ee728b)
Start importing Assets/AA Low Poly Medieval Environment/Prefabs/Chains/Chain_5_White.prefab using Guid(766ad46ac93fd754aa157223b694014b) Importer(815301076,1909f56bfc062723c751e8b465ee728b) [PhysX] Initialized MultithreadedTaskDispatcher with 12 workers.
[PhysX] Initialized MultithreadedTaskDispatcher with 12 workers.
 -> (artifact id: '072a367cfa8e66e55208888652b8ed70') in 0.081540 seconds
Number of updated asset objects reloaded before import = 0
Number of asset objects unloaded after import = 15
========================================================================
Received Import Request.
  Time since last request: 0.000148 seconds.
  path: Assets/AA Low Poly Medieval Environment/Prefabs/Chains
  artifactKey: Guid(afa7e9988b8173244857dea911abbaff) Importer(815301076,1909f56bfc062723c751e8b465ee728b)
Start importing Assets/AA Low Poly Medieval Environment/Prefabs/Chains using Guid(afa7e9988b8173244857dea911abbaff) Importer(815301076,1909f56bfc062723c751e8b465ee728b) [PhysX] Initialized MultithreadedTaskDispatcher with 12 workers.
 -> (artifact id: '064bbb9c1b5150e3bab8f5248024685c') in 0.035957 seconds
Number of updated asset objects reloaded before import = 0
Number of asset objects unloaded after import = 0
========================================================================
Received Import Request.
  Time since last request: 0.000182 seconds.
  path: Assets/AA Low Poly Medieval Environment/Prefabs/Chains/Chain_5_Brown.prefab
  artifactKey: Guid(3d8298c0cf80cba429943fcde16e51bf) Importer(815301076,1909f56bfc062723c751e8b465ee728b)
Start importing Assets/AA Low Poly Medieval Environment/Prefabs/Chains/Chain_5_Brown.prefab using Guid(3d8298c0cf80cba429943fcde16e51bf) Importer(815301076,1909f56bfc062723c751e8b465ee728b) [PhysX] Initialized MultithreadedTaskDispatcher with 12 workers.
[PhysX] Initialized MultithreadedTaskDispatcher with 12 workers.
 -> (artifact id: '8f667effddace43bc21fea17b3caeed1') in 0.101713 seconds
Number of updated asset objects reloaded before import = 0
Number of asset objects unloaded after import = 15
========================================================================
Received Import Request.
  Time since last request: 0.001573 seconds.
  path: Assets/AA Low Poly Medieval Environment/Prefabs/Chains/Chain_3_Brown.prefab
  artifactKey: Guid(f2e2e8c6b0222da4980b79f0c3983cc1) Importer(815301076,1909f56bfc062723c751e8b465ee728b)
Start importing Assets/AA Low Poly Medieval Environment/Prefabs/Chains/Chain_3_Brown.prefab using Guid(f2e2e8c6b0222da4980b79f0c3983cc1) Importer(815301076,1909f56bfc062723c751e8b465ee728b) [PhysX] Initialized MultithreadedTaskDispatcher with 12 workers.
[PhysX] Initialized MultithreadedTaskDispatcher with 12 workers.
 -> (artifact id: '7664b40ea03edba79e7fe7e9cc47592d') in 0.093830 seconds
Number of updated asset objects reloaded before import = 0
Number of asset objects unloaded after import = 15
========================================================================
Received Import Request.
  Time since last request: 0.000375 seconds.
  path: Assets/AA Low Poly Medieval Environment/Prefabs/Chains/Chain_1_Red.prefab
  artifactKey: Guid(fe68dd9cd192eff4ba91752ccdbe4d20) Importer(815301076,1909f56bfc062723c751e8b465ee728b)
Start importing Assets/AA Low Poly Medieval Environment/Prefabs/Chains/Chain_1_Red.prefab using Guid(fe68dd9cd192eff4ba91752ccdbe4d20) Importer(815301076,1909f56bfc062723c751e8b465ee728b) [PhysX] Initialized MultithreadedTaskDispatcher with 12 workers.
[PhysX] Initialized MultithreadedTaskDispatcher with 12 workers.
 -> (artifact id: '23976884a93f00b406959b4d408cb7f2') in 0.051713 seconds
Number of updated asset objects reloaded before import = 0
Number of asset objects unloaded after import = 15
========================================================================
Received Import Request.
  Time since last request: 0.000041 seconds.
  path: Assets/AA Low Poly Medieval Environment/Prefabs/Chains/Chain_2_Gray.prefab
  artifactKey: Guid(d4c711b10964c9548975af8e7da83f0c) Importer(815301076,1909f56bfc062723c751e8b465ee728b)
Start importing Assets/AA Low Poly Medieval Environment/Prefabs/Chains/Chain_2_Gray.prefab using Guid(d4c711b10964c9548975af8e7da83f0c) Importer(815301076,1909f56bfc062723c751e8b465ee728b) [PhysX] Initialized MultithreadedTaskDispatcher with 12 workers.
[PhysX] Initialized MultithreadedTaskDispatcher with 12 workers.
 -> (artifact id: '6953e81b1f2b688030904ce2910d613a') in 0.035192 seconds
Number of updated asset objects reloaded before import = 0
Number of asset objects unloaded after import = 15
========================================================================
Received Import Request.
  Time since last request: 52.242799 seconds.
  path: Assets/AA Low Poly Medieval Environment/Prefabs/Boxes/Box_1_Gray.prefab
  artifactKey: Guid(e30612f3b2b0d644888128790705de42) Importer(815301076,1909f56bfc062723c751e8b465ee728b)
Start importing Assets/AA Low Poly Medieval Environment/Prefabs/Boxes/Box_1_Gray.prefab using Guid(e30612f3b2b0d644888128790705de42) Importer(815301076,1909f56bfc062723c751e8b465ee728b) [PhysX] Initialized MultithreadedTaskDispatcher with 12 workers.
[PhysX] Initialized MultithreadedTaskDispatcher with 12 workers.
 -> (artifact id: 'b9828b7cfa048fcd20f6c85b5dd73e37') in 0.057552 seconds
Number of updated asset objects reloaded before import = 0
Number of asset objects unloaded after import = 28
========================================================================
Received Import Request.
  Time since last request: 0.000614 seconds.
  path: Assets/AA Low Poly Medieval Environment/Prefabs/Boxes/Box_1_Red.prefab
  artifactKey: Guid(2c42a0f6758f8f24bb92c909e19c6a4b) Importer(815301076,1909f56bfc062723c751e8b465ee728b)
Start importing Assets/AA Low Poly Medieval Environment/Prefabs/Boxes/Box_1_Red.prefab using Guid(2c42a0f6758f8f24bb92c909e19c6a4b) Importer(815301076,1909f56bfc062723c751e8b465ee728b) [PhysX] Initialized MultithreadedTaskDispatcher with 12 workers.
[PhysX] Initialized MultithreadedTaskDispatcher with 12 workers.
 -> (artifact id: '191d764a61d8cb52dc4c2cb38be2109b') in 0.035294 seconds
Number of updated asset objects reloaded before import = 0
Number of asset objects unloaded after import = 28
========================================================================
Received Import Request.
  Time since last request: 0.000570 seconds.
  path: Assets/AA Low Poly Medieval Environment/Prefabs/Boxes/Box_2_Black.prefab
  artifactKey: Guid(8a0663d3157f3e0459385eae28527fdb) Importer(815301076,1909f56bfc062723c751e8b465ee728b)
Start importing Assets/AA Low Poly Medieval Environment/Prefabs/Boxes/Box_2_Black.prefab using Guid(8a0663d3157f3e0459385eae28527fdb) Importer(815301076,1909f56bfc062723c751e8b465ee728b) [PhysX] Initialized MultithreadedTaskDispatcher with 12 workers.
[PhysX] Initialized MultithreadedTaskDispatcher with 12 workers.
 -> (artifact id: '3df4e0879559ca5b5f5bf72e4edda36a') in 0.030300 seconds
Number of updated asset objects reloaded before import = 0
Number of asset objects unloaded after import = 30
========================================================================
Received Import Request.
  Time since last request: 0.000029 seconds.
  path: Assets/AA Low Poly Medieval Environment/Prefabs/Boxes/Box_4_Brown.prefab
  artifactKey: Guid(d560a31e001861b4e87018ec1d32d01a) Importer(815301076,1909f56bfc062723c751e8b465ee728b)
Start importing Assets/AA Low Poly Medieval Environment/Prefabs/Boxes/Box_4_Brown.prefab using Guid(d560a31e001861b4e87018ec1d32d01a) Importer(815301076,1909f56bfc062723c751e8b465ee728b) [PhysX] Initialized MultithreadedTaskDispatcher with 12 workers.
[PhysX] Initialized MultithreadedTaskDispatcher with 12 workers.
 -> (artifact id: 'c18abfd9ede9d3efe1dc453c8308716e') in 0.025882 seconds
Number of updated asset objects reloaded before import = 0
Number of asset objects unloaded after import = 38
========================================================================
Received Import Request.
  Time since last request: 0.000022 seconds.
  path: Assets/AA Low Poly Medieval Environment/Prefabs/Boxes/Box_4_White.prefab
  artifactKey: Guid(fcb4d172b0210504c8b1a2834f966a06) Importer(815301076,1909f56bfc062723c751e8b465ee728b)
Start importing Assets/AA Low Poly Medieval Environment/Prefabs/Boxes/Box_4_White.prefab using Guid(fcb4d172b0210504c8b1a2834f966a06) Importer(815301076,1909f56bfc062723c751e8b465ee728b) [PhysX] Initialized MultithreadedTaskDispatcher with 12 workers.
[PhysX] Initialized MultithreadedTaskDispatcher with 12 workers.
 -> (artifact id: '8c83fe0bd7c6be32af1484521175daa1') in 0.026676 seconds
Number of updated asset objects reloaded before import = 0
Number of asset objects unloaded after import = 38
========================================================================
Received Import Request.
  Time since last request: 0.000025 seconds.
  path: Assets/AA Low Poly Medieval Environment/Prefabs/Boxes/Box_5_Gray.prefab
  artifactKey: Guid(7232100e2a78d634ba92a89c5f41972a) Importer(815301076,1909f56bfc062723c751e8b465ee728b)
Start importing Assets/AA Low Poly Medieval Environment/Prefabs/Boxes/Box_5_Gray.prefab using Guid(7232100e2a78d634ba92a89c5f41972a) Importer(815301076,1909f56bfc062723c751e8b465ee728b) [PhysX] Initialized MultithreadedTaskDispatcher with 12 workers.
[PhysX] Initialized MultithreadedTaskDispatcher with 12 workers.
 -> (artifact id: '0960b51aa2f4ba6687d93e2003c7c830') in 0.027814 seconds
Number of updated asset objects reloaded before import = 0
Number of asset objects unloaded after import = 28
========================================================================
Received Import Request.
  Time since last request: 0.000025 seconds.
  path: Assets/AA Low Poly Medieval Environment/Prefabs/Boxes/Box_2_Red.prefab
  artifactKey: Guid(7a0ff5567110517418a06f427cd123ca) Importer(815301076,1909f56bfc062723c751e8b465ee728b)
Start importing Assets/AA Low Poly Medieval Environment/Prefabs/Boxes/Box_2_Red.prefab using Guid(7a0ff5567110517418a06f427cd123ca) Importer(815301076,1909f56bfc062723c751e8b465ee728b) [PhysX] Initialized MultithreadedTaskDispatcher with 12 workers.
[PhysX] Initialized MultithreadedTaskDispatcher with 12 workers.
 -> (artifact id: '4ab014c1cb1248634f8903d22a67c649') in 0.038995 seconds
Number of updated asset objects reloaded before import = 0
Number of asset objects unloaded after import = 30
========================================================================
Received Import Request.
  Time since last request: 0.000056 seconds.
  path: Assets/AA Low Poly Medieval Environment/Prefabs/Boxes/Box_2_Brown.prefab
  artifactKey: Guid(332f584330d52bc4caa7c613d89a7efe) Importer(815301076,1909f56bfc062723c751e8b465ee728b)
Start importing Assets/AA Low Poly Medieval Environment/Prefabs/Boxes/Box_2_Brown.prefab using Guid(332f584330d52bc4caa7c613d89a7efe) Importer(815301076,1909f56bfc062723c751e8b465ee728b) [PhysX] Initialized MultithreadedTaskDispatcher with 12 workers.
[PhysX] Initialized MultithreadedTaskDispatcher with 12 workers.
 -> (artifact id: '2369ae73a8e9e1529a322912642d4e10') in 0.031091 seconds
Number of updated asset objects reloaded before import = 0
Number of asset objects unloaded after import = 30
========================================================================
Received Import Request.
  Time since last request: 81.437679 seconds.
  path: Assets/Mini Simple Characters Demo/Prefabs/mini simple demo_02.prefab
  artifactKey: Guid(b8dab1547598ecf4aaa0788a4d3bf0a6) Importer(815301076,1909f56bfc062723c751e8b465ee728b)
Start importing Assets/Mini Simple Characters Demo/Prefabs/mini simple demo_02.prefab using Guid(b8dab1547598ecf4aaa0788a4d3bf0a6) Importer(815301076,1909f56bfc062723c751e8b465ee728b) [PhysX] Initialized MultithreadedTaskDispatcher with 12 workers.
[PhysX] Initialized MultithreadedTaskDispatcher with 12 workers.
 -> (artifact id: '49127e3e4832a506672f153d6fb30bc2') in 0.132994 seconds
Number of updated asset objects reloaded before import = 0
Number of asset objects unloaded after import = 110
========================================================================
Received Import Request.
  Time since last request: 0.000035 seconds.
  path: Assets/Mini Simple Characters Demo/Prefabs/mini simple demo_05.prefab
  artifactKey: Guid(950f64c9c1d51e14b84b4e4d4a7b775a) Importer(815301076,1909f56bfc062723c751e8b465ee728b)
Start importing Assets/Mini Simple Characters Demo/Prefabs/mini simple demo_05.prefab using Guid(950f64c9c1d51e14b84b4e4d4a7b775a) Importer(815301076,1909f56bfc062723c751e8b465ee728b) [PhysX] Initialized MultithreadedTaskDispatcher with 12 workers.
[PhysX] Initialized MultithreadedTaskDispatcher with 12 workers.
 -> (artifact id: 'bc328f676fe3d27400d5c5ddb3429a29') in 0.078751 seconds
Number of updated asset objects reloaded before import = 0
Number of asset objects unloaded after import = 114
========================================================================
Received Import Request.
  Time since last request: 0.000037 seconds.
  path: Assets/Mini Simple Characters Demo/Prefabs/mini simple demo_03.prefab
  artifactKey: Guid(a58dd32ac24738f4bb2d6b145b5b6f0d) Importer(815301076,1909f56bfc062723c751e8b465ee728b)
Start importing Assets/Mini Simple Characters Demo/Prefabs/mini simple demo_03.prefab using Guid(a58dd32ac24738f4bb2d6b145b5b6f0d) Importer(815301076,1909f56bfc062723c751e8b465ee728b) [PhysX] Initialized MultithreadedTaskDispatcher with 12 workers.
[PhysX] Initialized MultithreadedTaskDispatcher with 12 workers.
 -> (artifact id: '76eed41ddaaa3c22c590305dee144fad') in 0.029106 seconds
Number of updated asset objects reloaded before import = 0
Number of asset objects unloaded after import = 110
========================================================================
Received Import Request.
  Time since last request: 0.000039 seconds.
  path: Assets/Mini Simple Characters Demo/Prefabs/mini simple demo_04.prefab
  artifactKey: Guid(c161c997c07308740af96a685231f764) Importer(815301076,1909f56bfc062723c751e8b465ee728b)
Start importing Assets/Mini Simple Characters Demo/Prefabs/mini simple demo_04.prefab using Guid(c161c997c07308740af96a685231f764) Importer(815301076,1909f56bfc062723c751e8b465ee728b) [PhysX] Initialized MultithreadedTaskDispatcher with 12 workers.
[PhysX] Initialized MultithreadedTaskDispatcher with 12 workers.
 -> (artifact id: '9ada25413d3b4d52b5db9a33e5845dd5') in 0.053404 seconds
Number of updated asset objects reloaded before import = 0
Number of asset objects unloaded after import = 116
Editor requested this worker to shutdown with reason: Scaling down because of idle timeout
TcpMessagingSession - receive error: operation aborted. errorcode: 995, details: The I/O operation has been aborted because of either a thread exit or an application request.
AssetImportWorker is now disconnected from the server
Process exiting
Exiting without the bug reporter. Application will terminate with return code 0