Using pre-set license
Built from '2022.3/staging' branch; Version is '2022.3.35f1 (011206c7a712) revision 70150'; Using compiler version '192829333'; Build Type 'Release'
OS: 'Windows 11  (10.0.22631) 64bit Core' Language: 'en' Physical Memory: 7860 MB
BatchMode: 1, IsHumanControllingUs: 0, StartBugReporterOnCrash: 0, Is64bit: 1, IsPro: 1

COMMAND LINE ARGUMENTS:
D:\unity\2022.3.35f1\Editor\Unity.exe
-adb2
-batchMode
-noUpm
-name
AssetImportWorker5
-projectPath
D:/unityprojects/My project2
-logFile
Logs/AssetImportWorker5.log
-srvPort
53864
Successfully changed project path to: D:/unityprojects/My project2
D:/unityprojects/My project2
[UnityMemory] Configuration Parameters - Can be set up in boot.config
    "memorysetup-bucket-allocator-granularity=16"
    "memorysetup-bucket-allocator-bucket-count=8"
    "memorysetup-bucket-allocator-block-size=33554432"
    "memorysetup-bucket-allocator-block-count=8"
    "memorysetup-main-allocator-block-size=16777216"
    "memorysetup-thread-allocator-block-size=16777216"
    "memorysetup-gfx-main-allocator-block-size=16777216"
    "memorysetup-gfx-thread-allocator-block-size=16777216"
    "memorysetup-cache-allocator-block-size=4194304"
    "memorysetup-typetree-allocator-block-size=2097152"
    "memorysetup-profiler-bucket-allocator-granularity=16"
    "memorysetup-profiler-bucket-allocator-bucket-count=8"
    "memorysetup-profiler-bucket-allocator-block-size=33554432"
    "memorysetup-profiler-bucket-allocator-block-count=8"
    "memorysetup-profiler-allocator-block-size=16777216"
    "memorysetup-profiler-editor-allocator-block-size=1048576"
    "memorysetup-temp-allocator-size-main=16777216"
    "memorysetup-job-temp-allocator-block-size=2097152"
    "memorysetup-job-temp-allocator-block-size-background=1048576"
    "memorysetup-job-temp-allocator-reduction-small-platforms=262144"
    "memorysetup-allocator-temp-initial-block-size-main=262144"
    "memorysetup-allocator-temp-initial-block-size-worker=262144"
    "memorysetup-temp-allocator-size-background-worker=32768"
    "memorysetup-temp-allocator-size-job-worker=262144"
    "memorysetup-temp-allocator-size-preload-manager=33554432"
    "memorysetup-temp-allocator-size-nav-mesh-worker=65536"
    "memorysetup-temp-allocator-size-audio-worker=65536"
    "memorysetup-temp-allocator-size-cloud-worker=32768"
    "memorysetup-temp-allocator-size-gi-baking-worker=262144"
    "memorysetup-temp-allocator-size-gfx=262144"
Player connection [19604] Host "[IP] 192.168.18.212 [Port] 0 [Flags] 2 [Guid] 3640526471 [EditorId] 3640526471 [Version] 1048832 [Id] WindowsEditor(7,DESKTOP-TVRN7PG) [Debug] 1 [PackageName] WindowsEditor [ProjectName] Editor" joined multi-casting on [225.0.0.222:54997]...

Player connection [19604] Host "[IP] 192.168.18.212 [Port] 0 [Flags] 2 [Guid] 3640526471 [EditorId] 3640526471 [Version] 1048832 [Id] WindowsEditor(7,DESKTOP-TVRN7PG) [Debug] 1 [PackageName] WindowsEditor [ProjectName] Editor" joined alternative multi-casting on [225.0.0.222:34997]...

[PhysX] Initialized MultithreadedTaskDispatcher with 12 workers.
Refreshing native plugins compatible for Editor in 13.05 ms, found 3 plugins.
Preloading 0 native plugins for Editor in 0.00 ms.
Initialize engine version: 2022.3.35f1 (011206c7a712)
[Subsystems] Discovering subsystems at path D:/unity/2022.3.35f1/Editor/Data/Resources/UnitySubsystems
[Subsystems] Discovering subsystems at path D:/unityprojects/My project2/Assets
GfxDevice: creating device client; threaded=0; jobified=0
Direct3D:
    Version:  Direct3D 11.0 [level 11.1]
    Renderer: NVIDIA GeForce GTX 1650 (ID=0x1f9d)
    Vendor:   NVIDIA
    VRAM:     3950 MB
    Driver:   31.0.15.4633
Initialize mono
Mono path[0] = 'D:/unity/2022.3.35f1/Editor/Data/Managed'
Mono path[1] = 'D:/unity/2022.3.35f1/Editor/Data/MonoBleedingEdge/lib/mono/unityjit-win32'
Mono config path = 'D:/unity/2022.3.35f1/Editor/Data/MonoBleedingEdge/etc'
Using monoOptions --debugger-agent=transport=dt_socket,embedding=1,server=y,suspend=n,address=127.0.0.1:56904
Begin MonoManager ReloadAssembly
Registering precompiled unity dll's ...
Register platform support module: D:/unity/2022.3.35f1/Editor/Data/PlaybackEngines/WindowsStandaloneSupport/UnityEditor.WindowsStandalone.Extensions.dll
Registered in 0.002065 seconds.
- Loaded All Assemblies, in  0.299 seconds
Native extension for WindowsStandalone target not found
Mono: successfully reloaded assembly
- Finished resetting the current domain, in  0.237 seconds
Domain Reload Profiling: 536ms
	BeginReloadAssembly (107ms)
		ExecutionOrderSort (0ms)
		DisableScriptedObjects (0ms)
		BackupInstance (0ms)
		ReleaseScriptingObjects (0ms)
		CreateAndSetChildDomain (1ms)
	RebuildCommonClasses (29ms)
	RebuildNativeTypeToScriptingClass (8ms)
	initialDomainReloadingComplete (42ms)
	LoadAllAssembliesAndSetupDomain (112ms)
		LoadAssemblies (106ms)
		RebuildTransferFunctionScriptingTraits (0ms)
		AnalyzeDomain (111ms)
			TypeCache.Refresh (109ms)
				TypeCache.ScanAssembly (97ms)
			ScanForSourceGeneratedMonoScriptInfo (0ms)
			ResolveRequiredComponents (0ms)
	FinalizeReload (237ms)
		ReleaseScriptCaches (0ms)
		RebuildScriptCaches (0ms)
		SetupLoadedEditorAssemblies (189ms)
			LogAssemblyErrors (0ms)
			InitializePlatformSupportModulesInManaged (6ms)
			SetLoadedEditorAssemblies (6ms)
			RefreshPlugins (0ms)
			BeforeProcessingInitializeOnLoad (2ms)
			ProcessInitializeOnLoadAttributes (134ms)
			ProcessInitializeOnLoadMethodAttributes (41ms)
			AfterProcessingInitializeOnLoad (0ms)
			EditorAssembliesLoaded (0ms)
		ExecutionOrderSort2 (0ms)
		AwakeInstancesAfterBackupRestoration (0ms)
========================================================================
Worker process is ready to serve import requests
Begin MonoManager ReloadAssembly
Symbol file LoadedFromMemory is not a mono symbol file
- Loaded All Assemblies, in  0.710 seconds
Refreshing native plugins compatible for Editor in 7.82 ms, found 3 plugins.
Native extension for WindowsStandalone target not found
Package Manager log level set to [2]
[Package Manager] Server::EnsureServerProcessIsRunning -- launch failed, reason: Unity was launched with the -noUpm command-line argument
[Package Manager] UpmClient::Send -- Unable to send message (not connected to UPM process).
[Package Manager] Cannot connect to Unity Package Manager local server
Mono: successfully reloaded assembly
- Finished resetting the current domain, in  0.667 seconds
Domain Reload Profiling: 1377ms
	BeginReloadAssembly (133ms)
		ExecutionOrderSort (0ms)
		DisableScriptedObjects (4ms)
		BackupInstance (0ms)
		ReleaseScriptingObjects (0ms)
		CreateAndSetChildDomain (21ms)
	RebuildCommonClasses (31ms)
	RebuildNativeTypeToScriptingClass (8ms)
	initialDomainReloadingComplete (36ms)
	LoadAllAssembliesAndSetupDomain (502ms)
		LoadAssemblies (390ms)
		RebuildTransferFunctionScriptingTraits (0ms)
		AnalyzeDomain (189ms)
			TypeCache.Refresh (164ms)
				TypeCache.ScanAssembly (146ms)
			ScanForSourceGeneratedMonoScriptInfo (21ms)
			ResolveRequiredComponents (4ms)
	FinalizeReload (668ms)
		ReleaseScriptCaches (0ms)
		RebuildScriptCaches (0ms)
		SetupLoadedEditorAssemblies (524ms)
			LogAssemblyErrors (0ms)
			InitializePlatformSupportModulesInManaged (5ms)
			SetLoadedEditorAssemblies (4ms)
			RefreshPlugins (0ms)
			BeforeProcessingInitializeOnLoad (55ms)
			ProcessInitializeOnLoadAttributes (290ms)
			ProcessInitializeOnLoadMethodAttributes (168ms)
			AfterProcessingInitializeOnLoad (2ms)
			EditorAssembliesLoaded (0ms)
		ExecutionOrderSort2 (0ms)
		AwakeInstancesAfterBackupRestoration (8ms)
Launched and connected shader compiler UnityShaderCompiler.exe after 0.04 seconds
Refreshing native plugins compatible for Editor in 4.61 ms, found 3 plugins.
Preloading 0 native plugins for Editor in 0.00 ms.
Unloading 4235 Unused Serialized files (Serialized files now loaded: 0)
Unloading 75 unused Assets / (75.2 KB). Loaded Objects now: 4668.
Memory consumption went from 145.7 MB to 145.6 MB.
Total: 6.207000 ms (FindLiveObjects: 0.229700 ms CreateObjectMapping: 0.111000 ms MarkObjects: 5.717200 ms  DeleteObjects: 0.148000 ms)

AssetImportParameters requested are different than current active one (requested -> active):
  custom:container-demuxer-ogg: 62fdf1f143b41e24485cea50d1cbac27 -> 
  custom:video-codec-MediaFoundation-h265: 746d11721c4dcdbdad8f713fa42b33f4 -> 
  custom:video-decoder-ogg-theora: a1e56fd34408186e4bbccfd4996cb3dc -> 
  custom:framework-win-MediaFoundation: 216162199b28c13a410421893ffa2e32 -> 
  custom:CustomObjectIndexerAttribute: 9a22284fe3817be447336de3de66b15e -> 
  custom:container-demuxer-webm: 4f35f7cbe854078d1ac9338744f61a02 -> 
  custom:container-muxer-webm: aa71ff27fc2769a1b78a27578f13a17b -> 
  custom:video-decoder-webm-vp8: 9c59270c3fd7afecdb556c50c9e8de78 -> 
  custom:SearchIndexIgnoredProperties: e643bd26f0fe6173181afceb89e7c659 -> 
  custom:AudioImporter_EditorPlatform: d09bf68614088b80899f8185d706f6e7 -> 
  custom:video-encoder-webm-vp8: eb34c28f22e8b96e1ab97ce403110664 -> 
  custom:audio-decoder-ogg-vorbis: bf7c407c2cedff20999df2af8eb42d56 -> 
  custom:audio-encoder-webm-vorbis: bf7c407c2cedff20999df2af8eb42d56 -> 
========================================================================
Received Import Request.
  Time since last request: 476165.902865 seconds.
  path: Assets/AA Low Poly Medieval Environment/Prefabs/Floors/Floor_1_Gray.prefab
  artifactKey: Guid(3a584b18f04abc241ae7d0412e69ff38) Importer(815301076,1909f56bfc062723c751e8b465ee728b)
Start importing Assets/AA Low Poly Medieval Environment/Prefabs/Floors/Floor_1_Gray.prefab using Guid(3a584b18f04abc241ae7d0412e69ff38) Importer(815301076,1909f56bfc062723c751e8b465ee728b) [PhysX] Initialized MultithreadedTaskDispatcher with 12 workers.
[PhysX] Initialized MultithreadedTaskDispatcher with 12 workers.
 -> (artifact id: '181d3ffece306e23382bac3cbbfd8180') in 0.142981 seconds
Number of updated asset objects reloaded before import = 0
Number of asset objects unloaded after import = 28
========================================================================
Received Import Request.
  Time since last request: 0.000027 seconds.
  path: Assets/AA Low Poly Medieval Environment/Prefabs/Floors/Floor_4_Brown.prefab
  artifactKey: Guid(5b0e6922f105ec842b7c3ad591a4e67f) Importer(815301076,1909f56bfc062723c751e8b465ee728b)
Start importing Assets/AA Low Poly Medieval Environment/Prefabs/Floors/Floor_4_Brown.prefab using Guid(5b0e6922f105ec842b7c3ad591a4e67f) Importer(815301076,1909f56bfc062723c751e8b465ee728b) [PhysX] Initialized MultithreadedTaskDispatcher with 12 workers.
[PhysX] Initialized MultithreadedTaskDispatcher with 12 workers.
 -> (artifact id: '4a1ff20083b003eb0ab55a4902a21985') in 0.023921 seconds
Number of updated asset objects reloaded before import = 0
Number of asset objects unloaded after import = 28
========================================================================
Received Import Request.
  Time since last request: 0.000033 seconds.
  path: Assets/AA Low Poly Medieval Environment/Prefabs/Floors/Floor_2_White.prefab
  artifactKey: Guid(f137211f5e7e6e245991ace05ea07636) Importer(815301076,1909f56bfc062723c751e8b465ee728b)
Start importing Assets/AA Low Poly Medieval Environment/Prefabs/Floors/Floor_2_White.prefab using Guid(f137211f5e7e6e245991ace05ea07636) Importer(815301076,1909f56bfc062723c751e8b465ee728b) [PhysX] Initialized MultithreadedTaskDispatcher with 12 workers.
[PhysX] Initialized MultithreadedTaskDispatcher with 12 workers.
 -> (artifact id: '4463a202e6fcc79d2168d525793d643f') in 0.022099 seconds
Number of updated asset objects reloaded before import = 0
Number of asset objects unloaded after import = 28
========================================================================
Received Import Request.
  Time since last request: 0.000023 seconds.
  path: Assets/AA Low Poly Medieval Environment/Prefabs/Floors/Floor_5_Red.prefab
  artifactKey: Guid(edd20543aaf3e7a4ebf184c09660717b) Importer(815301076,1909f56bfc062723c751e8b465ee728b)
Start importing Assets/AA Low Poly Medieval Environment/Prefabs/Floors/Floor_5_Red.prefab using Guid(edd20543aaf3e7a4ebf184c09660717b) Importer(815301076,1909f56bfc062723c751e8b465ee728b) [PhysX] Initialized MultithreadedTaskDispatcher with 12 workers.
[PhysX] Initialized MultithreadedTaskDispatcher with 12 workers.
 -> (artifact id: 'c321040eab2842c0270a7feef036da3c') in 0.023019 seconds
Number of updated asset objects reloaded before import = 0
Number of asset objects unloaded after import = 28
========================================================================
Received Import Request.
  Time since last request: 0.000024 seconds.
  path: Assets/AA Low Poly Medieval Environment/Prefabs/Floors/Floor_5_White.prefab
  artifactKey: Guid(185e940748f09e54f8d541fc8ee10a0c) Importer(815301076,1909f56bfc062723c751e8b465ee728b)
Start importing Assets/AA Low Poly Medieval Environment/Prefabs/Floors/Floor_5_White.prefab using Guid(185e940748f09e54f8d541fc8ee10a0c) Importer(815301076,1909f56bfc062723c751e8b465ee728b) [PhysX] Initialized MultithreadedTaskDispatcher with 12 workers.
[PhysX] Initialized MultithreadedTaskDispatcher with 12 workers.
 -> (artifact id: '26064da8e782975bc5cb5d3ba8ce618e') in 0.021512 seconds
Number of updated asset objects reloaded before import = 0
Number of asset objects unloaded after import = 28
========================================================================
Received Import Request.
  Time since last request: 22.762415 seconds.
  path: Assets/AA Low Poly Medieval Environment/Prefabs/Grasses/Grass_1_Red.prefab
  artifactKey: Guid(3f70efc98dd9bcc45b4ed0e37f4ed0b5) Importer(815301076,1909f56bfc062723c751e8b465ee728b)
Start importing Assets/AA Low Poly Medieval Environment/Prefabs/Grasses/Grass_1_Red.prefab using Guid(3f70efc98dd9bcc45b4ed0e37f4ed0b5) Importer(815301076,1909f56bfc062723c751e8b465ee728b) [PhysX] Initialized MultithreadedTaskDispatcher with 12 workers.
[PhysX] Initialized MultithreadedTaskDispatcher with 12 workers.
 -> (artifact id: '20d2794fdb0fad7b15ff6cf184a4caa3') in 0.044982 seconds
Number of updated asset objects reloaded before import = 0
Number of asset objects unloaded after import = 13
========================================================================
Received Import Request.
  Time since last request: 0.000621 seconds.
  path: Assets/AA Low Poly Medieval Environment/Prefabs/Grasses/Grass_4_Red.prefab
  artifactKey: Guid(eaba68e17f3b25944ac7f792fcf02fb4) Importer(815301076,1909f56bfc062723c751e8b465ee728b)
Start importing Assets/AA Low Poly Medieval Environment/Prefabs/Grasses/Grass_4_Red.prefab using Guid(eaba68e17f3b25944ac7f792fcf02fb4) Importer(815301076,1909f56bfc062723c751e8b465ee728b) [PhysX] Initialized MultithreadedTaskDispatcher with 12 workers.
[PhysX] Initialized MultithreadedTaskDispatcher with 12 workers.
 -> (artifact id: '6543a9770a859a7b7a42424481f45377') in 0.024497 seconds
Number of updated asset objects reloaded before import = 0
Number of asset objects unloaded after import = 27
========================================================================
Received Import Request.
  Time since last request: 0.000019 seconds.
  path: Assets/AA Low Poly Medieval Environment/Prefabs/Grasses/Grass_4_White.prefab
  artifactKey: Guid(77b97708bd2007249a962c1f3bb9a2d2) Importer(815301076,1909f56bfc062723c751e8b465ee728b)
Start importing Assets/AA Low Poly Medieval Environment/Prefabs/Grasses/Grass_4_White.prefab using Guid(77b97708bd2007249a962c1f3bb9a2d2) Importer(815301076,1909f56bfc062723c751e8b465ee728b) [PhysX] Initialized MultithreadedTaskDispatcher with 12 workers.
[PhysX] Initialized MultithreadedTaskDispatcher with 12 workers.
 -> (artifact id: '8406b93a7d17879fccd6f1b4d4e8192a') in 0.023370 seconds
Number of updated asset objects reloaded before import = 0
Number of asset objects unloaded after import = 27
========================================================================
Received Import Request.
  Time since last request: 0.000030 seconds.
  path: Assets/AA Low Poly Medieval Environment/Prefabs/Grasses/Grass_3_White.prefab
  artifactKey: Guid(586c1811494eb6d45979a4c4e651a96e) Importer(815301076,1909f56bfc062723c751e8b465ee728b)
Start importing Assets/AA Low Poly Medieval Environment/Prefabs/Grasses/Grass_3_White.prefab using Guid(586c1811494eb6d45979a4c4e651a96e) Importer(815301076,1909f56bfc062723c751e8b465ee728b) [PhysX] Initialized MultithreadedTaskDispatcher with 12 workers.
[PhysX] Initialized MultithreadedTaskDispatcher with 12 workers.
 -> (artifact id: '50ea086fa76a8465fe98fed2e2d22f0e') in 0.028765 seconds
Number of updated asset objects reloaded before import = 0
Number of asset objects unloaded after import = 13
========================================================================
Received Import Request.
  Time since last request: 0.000029 seconds.
  path: Assets/AA Low Poly Medieval Environment/Prefabs/Grasses/Grass_2_Red.prefab
  artifactKey: Guid(81a64ce057278974a87fbadcfecdc399) Importer(815301076,1909f56bfc062723c751e8b465ee728b)
Start importing Assets/AA Low Poly Medieval Environment/Prefabs/Grasses/Grass_2_Red.prefab using Guid(81a64ce057278974a87fbadcfecdc399) Importer(815301076,1909f56bfc062723c751e8b465ee728b) [PhysX] Initialized MultithreadedTaskDispatcher with 12 workers.
[PhysX] Initialized MultithreadedTaskDispatcher with 12 workers.
 -> (artifact id: 'd0c57c1213e405a2fa6d7de1f09a2922') in 0.028957 seconds
Number of updated asset objects reloaded before import = 0
Number of asset objects unloaded after import = 13
========================================================================
Received Import Request.
  Time since last request: 0.000020 seconds.
  path: Assets/AA Low Poly Medieval Environment/Prefabs/Grasses/Grass_5_Blue.prefab
  artifactKey: Guid(31178acaba92c7f488bd052786099114) Importer(815301076,1909f56bfc062723c751e8b465ee728b)
Start importing Assets/AA Low Poly Medieval Environment/Prefabs/Grasses/Grass_5_Blue.prefab using Guid(31178acaba92c7f488bd052786099114) Importer(815301076,1909f56bfc062723c751e8b465ee728b) [PhysX] Initialized MultithreadedTaskDispatcher with 12 workers.
[PhysX] Initialized MultithreadedTaskDispatcher with 12 workers.
 -> (artifact id: '2ab091e7e4eec39077e9bf2d081615c7') in 0.018319 seconds
Number of updated asset objects reloaded before import = 0
Number of asset objects unloaded after import = 13
========================================================================
Received Import Request.
  Time since last request: 0.000021 seconds.
  path: Assets/AA Low Poly Medieval Environment/Prefabs/Grasses/Grass_4_Green.prefab
  artifactKey: Guid(3613f7a0c5b01fc409efe070c1823a2c) Importer(815301076,1909f56bfc062723c751e8b465ee728b)
Start importing Assets/AA Low Poly Medieval Environment/Prefabs/Grasses/Grass_4_Green.prefab using Guid(3613f7a0c5b01fc409efe070c1823a2c) Importer(815301076,1909f56bfc062723c751e8b465ee728b) [PhysX] Initialized MultithreadedTaskDispatcher with 12 workers.
[PhysX] Initialized MultithreadedTaskDispatcher with 12 workers.
 -> (artifact id: '54e11cee272c1a58883451b389f2507c') in 0.023905 seconds
Number of updated asset objects reloaded before import = 0
Number of asset objects unloaded after import = 27
========================================================================
Received Import Request.
  Time since last request: 0.000030 seconds.
  path: Assets/AA Low Poly Medieval Environment/Prefabs/Grasses/Grass_3_Yellow.prefab
  artifactKey: Guid(3bcc2ea67bf442d4587976f5f0ec7ab5) Importer(815301076,1909f56bfc062723c751e8b465ee728b)
Start importing Assets/AA Low Poly Medieval Environment/Prefabs/Grasses/Grass_3_Yellow.prefab using Guid(3bcc2ea67bf442d4587976f5f0ec7ab5) Importer(815301076,1909f56bfc062723c751e8b465ee728b) [PhysX] Initialized MultithreadedTaskDispatcher with 12 workers.
[PhysX] Initialized MultithreadedTaskDispatcher with 12 workers.
 -> (artifact id: 'c3d737c5f868f92d0f85cffd8f10e40b') in 0.020073 seconds
Number of updated asset objects reloaded before import = 0
Number of asset objects unloaded after import = 13
========================================================================
Received Import Request.
  Time since last request: 5.711784 seconds.
  path: Assets/AA Low Poly Medieval Environment/Prefabs/Parchments/Parchment_1_Gray.prefab
  artifactKey: Guid(3cb7413cb7712c047b982a4ce042eea3) Importer(815301076,1909f56bfc062723c751e8b465ee728b)
Start importing Assets/AA Low Poly Medieval Environment/Prefabs/Parchments/Parchment_1_Gray.prefab using Guid(3cb7413cb7712c047b982a4ce042eea3) Importer(815301076,1909f56bfc062723c751e8b465ee728b) [PhysX] Initialized MultithreadedTaskDispatcher with 12 workers.
[PhysX] Initialized MultithreadedTaskDispatcher with 12 workers.
 -> (artifact id: '249a9ac0a002d82d20e10514160d52ee') in 0.045157 seconds
Number of updated asset objects reloaded before import = 0
Number of asset objects unloaded after import = 30
========================================================================
Received Import Request.
  Time since last request: 0.000022 seconds.
  path: Assets/AA Low Poly Medieval Environment/Prefabs/Parchments/Parchment_4_Brown.prefab
  artifactKey: Guid(163767dc8d7de7e42acb0d66805d6ee4) Importer(815301076,1909f56bfc062723c751e8b465ee728b)
Start importing Assets/AA Low Poly Medieval Environment/Prefabs/Parchments/Parchment_4_Brown.prefab using Guid(163767dc8d7de7e42acb0d66805d6ee4) Importer(815301076,1909f56bfc062723c751e8b465ee728b) [PhysX] Initialized MultithreadedTaskDispatcher with 12 workers.
[PhysX] Initialized MultithreadedTaskDispatcher with 12 workers.
 -> (artifact id: 'f150a781268cfe031c79170b8422a254') in 0.024841 seconds
Number of updated asset objects reloaded before import = 0
Number of asset objects unloaded after import = 28
========================================================================
Received Import Request.
  Time since last request: 0.000036 seconds.
  path: Assets/AA Low Poly Medieval Environment/Prefabs/Parchments/Parchment_2_Black.prefab
  artifactKey: Guid(97c0fe8364acc29459b42156bc17e57b) Importer(815301076,1909f56bfc062723c751e8b465ee728b)
Start importing Assets/AA Low Poly Medieval Environment/Prefabs/Parchments/Parchment_2_Black.prefab using Guid(97c0fe8364acc29459b42156bc17e57b) Importer(815301076,1909f56bfc062723c751e8b465ee728b) [PhysX] Initialized MultithreadedTaskDispatcher with 12 workers.
[PhysX] Initialized MultithreadedTaskDispatcher with 12 workers.
 -> (artifact id: '7dc213df22d2409552799321a632c929') in 0.021500 seconds
Number of updated asset objects reloaded before import = 0
Number of asset objects unloaded after import = 41
========================================================================
Received Import Request.
  Time since last request: 0.000021 seconds.
  path: Assets/AA Low Poly Medieval Environment/Prefabs/Parchments/Parchment_3_Gray.prefab
  artifactKey: Guid(0a038d6f781967e4595b360243527599) Importer(815301076,1909f56bfc062723c751e8b465ee728b)
Start importing Assets/AA Low Poly Medieval Environment/Prefabs/Parchments/Parchment_3_Gray.prefab using Guid(0a038d6f781967e4595b360243527599) Importer(815301076,1909f56bfc062723c751e8b465ee728b) [PhysX] Initialized MultithreadedTaskDispatcher with 12 workers.
[PhysX] Initialized MultithreadedTaskDispatcher with 12 workers.
 -> (artifact id: '6e7d18bb4e353d592131f59da6951726') in 0.021735 seconds
Number of updated asset objects reloaded before import = 0
Number of asset objects unloaded after import = 38
========================================================================
Received Import Request.
  Time since last request: 0.000501 seconds.
  path: Assets/AA Low Poly Medieval Environment/Prefabs/Parchments/Parchment_2_Brown.prefab
  artifactKey: Guid(339cda6d2b269fc4181e00d74a7f6931) Importer(815301076,1909f56bfc062723c751e8b465ee728b)
Start importing Assets/AA Low Poly Medieval Environment/Prefabs/Parchments/Parchment_2_Brown.prefab using Guid(339cda6d2b269fc4181e00d74a7f6931) Importer(815301076,1909f56bfc062723c751e8b465ee728b) [PhysX] Initialized MultithreadedTaskDispatcher with 12 workers.
[PhysX] Initialized MultithreadedTaskDispatcher with 12 workers.
 -> (artifact id: '69050499d5aa6a5fc50d58f1532064f8') in 0.023230 seconds
Number of updated asset objects reloaded before import = 0
Number of asset objects unloaded after import = 41
========================================================================
Received Import Request.
  Time since last request: 0.000018 seconds.
  path: Assets/AA Low Poly Medieval Environment/Prefabs/Parchments/Parchment_4_Black.prefab
  artifactKey: Guid(a990140b0d262fa41ab9b6d993196d53) Importer(815301076,1909f56bfc062723c751e8b465ee728b)
Start importing Assets/AA Low Poly Medieval Environment/Prefabs/Parchments/Parchment_4_Black.prefab using Guid(a990140b0d262fa41ab9b6d993196d53) Importer(815301076,1909f56bfc062723c751e8b465ee728b) [PhysX] Initialized MultithreadedTaskDispatcher with 12 workers.
[PhysX] Initialized MultithreadedTaskDispatcher with 12 workers.
 -> (artifact id: '59d8dde42cff94aed2285783b0685c0f') in 0.031872 seconds
Number of updated asset objects reloaded before import = 0
Number of asset objects unloaded after import = 28
========================================================================
Received Import Request.
  Time since last request: 0.000027 seconds.
  path: Assets/AA Low Poly Medieval Environment/Prefabs/Parchments/Parchment_1_White.prefab
  artifactKey: Guid(aacfc499f8310a44cac088d8e15fa95c) Importer(815301076,1909f56bfc062723c751e8b465ee728b)
Start importing Assets/AA Low Poly Medieval Environment/Prefabs/Parchments/Parchment_1_White.prefab using Guid(aacfc499f8310a44cac088d8e15fa95c) Importer(815301076,1909f56bfc062723c751e8b465ee728b) [PhysX] Initialized MultithreadedTaskDispatcher with 12 workers.
[PhysX] Initialized MultithreadedTaskDispatcher with 12 workers.
 -> (artifact id: '9802c4bb36f42e6d5c7866056373a0db') in 0.022285 seconds
Number of updated asset objects reloaded before import = 0
Number of asset objects unloaded after import = 30
========================================================================
Received Import Request.
  Time since last request: 0.000018 seconds.
  path: Assets/AA Low Poly Medieval Environment/Prefabs/Parchments/Parchment_4_White.prefab
  artifactKey: Guid(7969f1aecaeed554a9ece766b003ddef) Importer(815301076,1909f56bfc062723c751e8b465ee728b)
Start importing Assets/AA Low Poly Medieval Environment/Prefabs/Parchments/Parchment_4_White.prefab using Guid(7969f1aecaeed554a9ece766b003ddef) Importer(815301076,1909f56bfc062723c751e8b465ee728b) [PhysX] Initialized MultithreadedTaskDispatcher with 12 workers.
[PhysX] Initialized MultithreadedTaskDispatcher with 12 workers.
 -> (artifact id: 'e0b6e1932e7d5cca9580bcf8c5966013') in 0.019455 seconds
Number of updated asset objects reloaded before import = 0
Number of asset objects unloaded after import = 28
========================================================================
Received Import Request.
  Time since last request: 8.029671 seconds.
  path: Assets/AA Low Poly Medieval Environment/Prefabs/Plates/Plate_1_Gray.prefab
  artifactKey: Guid(9cb7b86eec2a55e41a9bbfb0c803f763) Importer(815301076,1909f56bfc062723c751e8b465ee728b)
Start importing Assets/AA Low Poly Medieval Environment/Prefabs/Plates/Plate_1_Gray.prefab using Guid(9cb7b86eec2a55e41a9bbfb0c803f763) Importer(815301076,1909f56bfc062723c751e8b465ee728b) [PhysX] Initialized MultithreadedTaskDispatcher with 12 workers.
[PhysX] Initialized MultithreadedTaskDispatcher with 12 workers.
 -> (artifact id: '40643d734a2eed8a4c5592a1b00301f3') in 0.023437 seconds
Number of updated asset objects reloaded before import = 0
Number of asset objects unloaded after import = 15
========================================================================
Received Import Request.
  Time since last request: 0.000023 seconds.
  path: Assets/AA Low Poly Medieval Environment/Prefabs/Plates/Plate_2_Black.prefab
  artifactKey: Guid(aeb7b9a7d810bb947a18c8da5382f348) Importer(815301076,1909f56bfc062723c751e8b465ee728b)
Start importing Assets/AA Low Poly Medieval Environment/Prefabs/Plates/Plate_2_Black.prefab using Guid(aeb7b9a7d810bb947a18c8da5382f348) Importer(815301076,1909f56bfc062723c751e8b465ee728b) [PhysX] Initialized MultithreadedTaskDispatcher with 12 workers.
[PhysX] Initialized MultithreadedTaskDispatcher with 12 workers.
 -> (artifact id: 'f41c52e756c090b4f79d1b017ec3c54b') in 0.032701 seconds
Number of updated asset objects reloaded before import = 0
Number of asset objects unloaded after import = 31
========================================================================
Received Import Request.
  Time since last request: 0.000029 seconds.
  path: Assets/AA Low Poly Medieval Environment/Prefabs/Plates/Plate_3_Black.prefab
  artifactKey: Guid(5dabd3893cebd4e49a44c858d9fe840d) Importer(815301076,1909f56bfc062723c751e8b465ee728b)
Start importing Assets/AA Low Poly Medieval Environment/Prefabs/Plates/Plate_3_Black.prefab using Guid(5dabd3893cebd4e49a44c858d9fe840d) Importer(815301076,1909f56bfc062723c751e8b465ee728b) [PhysX] Initialized MultithreadedTaskDispatcher with 12 workers.
[PhysX] Initialized MultithreadedTaskDispatcher with 12 workers.
 -> (artifact id: '32fd63dd8f79ea773add40ed1b21b3a0') in 0.019262 seconds
Number of updated asset objects reloaded before import = 0
Number of asset objects unloaded after import = 31
========================================================================
Received Import Request.
  Time since last request: 0.000022 seconds.
  path: Assets/AA Low Poly Medieval Environment/Prefabs/Plates/Plate_2_Red.prefab
  artifactKey: Guid(9ae2d480d359fcc48ba74e60b41916b5) Importer(815301076,1909f56bfc062723c751e8b465ee728b)
Start importing Assets/AA Low Poly Medieval Environment/Prefabs/Plates/Plate_2_Red.prefab using Guid(9ae2d480d359fcc48ba74e60b41916b5) Importer(815301076,1909f56bfc062723c751e8b465ee728b) [PhysX] Initialized MultithreadedTaskDispatcher with 12 workers.
[PhysX] Initialized MultithreadedTaskDispatcher with 12 workers.
 -> (artifact id: '7ed07063e5071e33842dc8f26d0f06ae') in 0.021269 seconds
Number of updated asset objects reloaded before import = 0
Number of asset objects unloaded after import = 31
========================================================================
Received Import Request.
  Time since last request: 0.000026 seconds.
  path: Assets/AA Low Poly Medieval Environment/Prefabs/Plates/Plate_2_White.prefab
  artifactKey: Guid(6f2632919e16a024dbb154728628a60f) Importer(815301076,1909f56bfc062723c751e8b465ee728b)
Start importing Assets/AA Low Poly Medieval Environment/Prefabs/Plates/Plate_2_White.prefab using Guid(6f2632919e16a024dbb154728628a60f) Importer(815301076,1909f56bfc062723c751e8b465ee728b) [PhysX] Initialized MultithreadedTaskDispatcher with 12 workers.
[PhysX] Initialized MultithreadedTaskDispatcher with 12 workers.
 -> (artifact id: '0045ff764e70d5f156b33cf3678e664e') in 0.024749 seconds
Number of updated asset objects reloaded before import = 0
Number of asset objects unloaded after import = 31
========================================================================
Received Import Request.
  Time since last request: 0.000032 seconds.
  path: Assets/AA Low Poly Medieval Environment/Prefabs/Plates/Plate_1_Red.prefab
  artifactKey: Guid(6841fd8b01c7ee94aa07b43dac0108ec) Importer(815301076,1909f56bfc062723c751e8b465ee728b)
Start importing Assets/AA Low Poly Medieval Environment/Prefabs/Plates/Plate_1_Red.prefab using Guid(6841fd8b01c7ee94aa07b43dac0108ec) Importer(815301076,1909f56bfc062723c751e8b465ee728b) [PhysX] Initialized MultithreadedTaskDispatcher with 12 workers.
[PhysX] Initialized MultithreadedTaskDispatcher with 12 workers.
 -> (artifact id: 'c19b7079b1416e911e12981ae6e322df') in 0.021344 seconds
Number of updated asset objects reloaded before import = 0
Number of asset objects unloaded after import = 15
========================================================================
Received Import Request.
  Time since last request: 0.000027 seconds.
  path: Assets/AA Low Poly Medieval Environment/Prefabs/Plates/Plate_4_Gray.prefab
  artifactKey: Guid(bb75db20de0173c41ba18fff0006ac9f) Importer(815301076,1909f56bfc062723c751e8b465ee728b)
Start importing Assets/AA Low Poly Medieval Environment/Prefabs/Plates/Plate_4_Gray.prefab using Guid(bb75db20de0173c41ba18fff0006ac9f) Importer(815301076,1909f56bfc062723c751e8b465ee728b) [PhysX] Initialized MultithreadedTaskDispatcher with 12 workers.
[PhysX] Initialized MultithreadedTaskDispatcher with 12 workers.
 -> (artifact id: 'dd2134d9246035451f67b79c2ebd5450') in 0.021279 seconds
Number of updated asset objects reloaded before import = 0
Number of asset objects unloaded after import = 15
========================================================================
Received Import Request.
  Time since last request: 0.000037 seconds.
  path: Assets/AA Low Poly Medieval Environment/Prefabs/Plates/Plate_4_Brown.prefab
  artifactKey: Guid(914c1339868737c4b88d92c55c080e95) Importer(815301076,1909f56bfc062723c751e8b465ee728b)
Start importing Assets/AA Low Poly Medieval Environment/Prefabs/Plates/Plate_4_Brown.prefab using Guid(914c1339868737c4b88d92c55c080e95) Importer(815301076,1909f56bfc062723c751e8b465ee728b) [PhysX] Initialized MultithreadedTaskDispatcher with 12 workers.
[PhysX] Initialized MultithreadedTaskDispatcher with 12 workers.
 -> (artifact id: 'b431420832b40212ce72cf3e3e808290') in 0.020531 seconds
Number of updated asset objects reloaded before import = 0
Number of asset objects unloaded after import = 15
========================================================================
Received Import Request.
  Time since last request: 4.607623 seconds.
  path: Assets/AA Low Poly Medieval Environment/Prefabs/Shields/Shield_1_Gray.prefab
  artifactKey: Guid(5fd2cb8359056144eb1b3a52fbd446d4) Importer(815301076,1909f56bfc062723c751e8b465ee728b)
Start importing Assets/AA Low Poly Medieval Environment/Prefabs/Shields/Shield_1_Gray.prefab using Guid(5fd2cb8359056144eb1b3a52fbd446d4) Importer(815301076,1909f56bfc062723c751e8b465ee728b) [PhysX] Initialized MultithreadedTaskDispatcher with 12 workers.
[PhysX] Initialized MultithreadedTaskDispatcher with 12 workers.
 -> (artifact id: 'fc206fd8bbae4d4f04a15df31a9de0db') in 0.037817 seconds
Number of updated asset objects reloaded before import = 0
Number of asset objects unloaded after import = 31
========================================================================
Received Import Request.
  Time since last request: 0.000022 seconds.
  path: Assets/AA Low Poly Medieval Environment/Prefabs/Shields/Shield_1_Red.prefab
  artifactKey: Guid(66898eb510565e54fb1cf63bc62e5660) Importer(815301076,1909f56bfc062723c751e8b465ee728b)
Start importing Assets/AA Low Poly Medieval Environment/Prefabs/Shields/Shield_1_Red.prefab using Guid(66898eb510565e54fb1cf63bc62e5660) Importer(815301076,1909f56bfc062723c751e8b465ee728b) [PhysX] Initialized MultithreadedTaskDispatcher with 12 workers.
[PhysX] Initialized MultithreadedTaskDispatcher with 12 workers.
 -> (artifact id: 'af265dd45e1c0738614c1016b42c6c42') in 0.024517 seconds
Number of updated asset objects reloaded before import = 0
Number of asset objects unloaded after import = 31
========================================================================
Received Import Request.
  Time since last request: 0.000028 seconds.
  path: Assets/AA Low Poly Medieval Environment/Prefabs/Shields/Shield_2_White.prefab
  artifactKey: Guid(39a99bd1fc89488478c6571dee01e331) Importer(815301076,1909f56bfc062723c751e8b465ee728b)
Start importing Assets/AA Low Poly Medieval Environment/Prefabs/Shields/Shield_2_White.prefab using Guid(39a99bd1fc89488478c6571dee01e331) Importer(815301076,1909f56bfc062723c751e8b465ee728b) [PhysX] Initialized MultithreadedTaskDispatcher with 12 workers.
[PhysX] Initialized MultithreadedTaskDispatcher with 12 workers.
 -> (artifact id: '326768c3d6a44851e4bc9ee453a124a7') in 0.024159 seconds
Number of updated asset objects reloaded before import = 0
Number of asset objects unloaded after import = 42
========================================================================
Received Import Request.
  Time since last request: 0.000028 seconds.
  path: Assets/AA Low Poly Medieval Environment/Prefabs/Shields/Shield_5_Black.prefab
  artifactKey: Guid(64c1611a56096b2428de52c154942c51) Importer(815301076,1909f56bfc062723c751e8b465ee728b)
Start importing Assets/AA Low Poly Medieval Environment/Prefabs/Shields/Shield_5_Black.prefab using Guid(64c1611a56096b2428de52c154942c51) Importer(815301076,1909f56bfc062723c751e8b465ee728b) [PhysX] Initialized MultithreadedTaskDispatcher with 12 workers.
[PhysX] Initialized MultithreadedTaskDispatcher with 12 workers.
 -> (artifact id: '6ad94fd803c7f8c93803175ba96ebe50') in 0.022970 seconds
Number of updated asset objects reloaded before import = 0
Number of asset objects unloaded after import = 43
========================================================================
Received Import Request.
  Time since last request: 0.000105 seconds.
  path: Assets/AA Low Poly Medieval Environment/Prefabs/Shields/Shield_5_Gray.prefab
  artifactKey: Guid(2fdd9f3d646895a47af6bef5d83e771f) Importer(815301076,1909f56bfc062723c751e8b465ee728b)
Start importing Assets/AA Low Poly Medieval Environment/Prefabs/Shields/Shield_5_Gray.prefab using Guid(2fdd9f3d646895a47af6bef5d83e771f) Importer(815301076,1909f56bfc062723c751e8b465ee728b) [PhysX] Initialized MultithreadedTaskDispatcher with 12 workers.
[PhysX] Initialized MultithreadedTaskDispatcher with 12 workers.
 -> (artifact id: '34c38369bde95250a655015428876741') in 0.024569 seconds
Number of updated asset objects reloaded before import = 0
Number of asset objects unloaded after import = 43
========================================================================
Received Import Request.
  Time since last request: 0.000020 seconds.
  path: Assets/AA Low Poly Medieval Environment/Prefabs/Shields/Shield_3_Red.prefab
  artifactKey: Guid(10df159b1e7e8664394d84876e43986e) Importer(815301076,1909f56bfc062723c751e8b465ee728b)
Start importing Assets/AA Low Poly Medieval Environment/Prefabs/Shields/Shield_3_Red.prefab using Guid(10df159b1e7e8664394d84876e43986e) Importer(815301076,1909f56bfc062723c751e8b465ee728b) [PhysX] Initialized MultithreadedTaskDispatcher with 12 workers.
[PhysX] Initialized MultithreadedTaskDispatcher with 12 workers.
 -> (artifact id: '070a2eb28198c58653b6a00011c04f77') in 0.020433 seconds
Number of updated asset objects reloaded before import = 0
Number of asset objects unloaded after import = 42
========================================================================
Received Import Request.
  Time since last request: 0.000021 seconds.
  path: Assets/AA Low Poly Medieval Environment/Prefabs/Shields/Shield_3_Brown.prefab
  artifactKey: Guid(b83f3e30025bf0a46925703a309f194b) Importer(815301076,1909f56bfc062723c751e8b465ee728b)
Start importing Assets/AA Low Poly Medieval Environment/Prefabs/Shields/Shield_3_Brown.prefab using Guid(b83f3e30025bf0a46925703a309f194b) Importer(815301076,1909f56bfc062723c751e8b465ee728b) [PhysX] Initialized MultithreadedTaskDispatcher with 12 workers.
[PhysX] Initialized MultithreadedTaskDispatcher with 12 workers.
 -> (artifact id: '69ff7daf21a99fd4d9baeab3ad31ab2f') in 0.021368 seconds
Number of updated asset objects reloaded before import = 0
Number of asset objects unloaded after import = 42
========================================================================
Received Import Request.
  Time since last request: 0.000023 seconds.
  path: Assets/AA Low Poly Medieval Environment/Prefabs/Shields/Shield_2_Red.prefab
  artifactKey: Guid(b1ebf2244ba137740aed07b5c85f2103) Importer(815301076,1909f56bfc062723c751e8b465ee728b)
Start importing Assets/AA Low Poly Medieval Environment/Prefabs/Shields/Shield_2_Red.prefab using Guid(b1ebf2244ba137740aed07b5c85f2103) Importer(815301076,1909f56bfc062723c751e8b465ee728b) [PhysX] Initialized MultithreadedTaskDispatcher with 12 workers.
[PhysX] Initialized MultithreadedTaskDispatcher with 12 workers.
 -> (artifact id: '51f680268fdbe70ab89db9b4326cf7c1') in 0.022610 seconds
Number of updated asset objects reloaded before import = 0
Number of asset objects unloaded after import = 42
========================================================================
Received Import Request.
  Time since last request: 0.000030 seconds.
  path: Assets/AA Low Poly Medieval Environment/Prefabs/Shields/Shield_3_Gray.prefab
  artifactKey: Guid(2ce9c479cfc64c14db09cc6171e655d9) Importer(815301076,1909f56bfc062723c751e8b465ee728b)
Start importing Assets/AA Low Poly Medieval Environment/Prefabs/Shields/Shield_3_Gray.prefab using Guid(2ce9c479cfc64c14db09cc6171e655d9) Importer(815301076,1909f56bfc062723c751e8b465ee728b) [PhysX] Initialized MultithreadedTaskDispatcher with 12 workers.
[PhysX] Initialized MultithreadedTaskDispatcher with 12 workers.
 -> (artifact id: 'b975aa153dfb5e5cd9bb5f4f94874177') in 0.022350 seconds
Number of updated asset objects reloaded before import = 0
Number of asset objects unloaded after import = 42
========================================================================
Received Import Request.
  Time since last request: 8.744765 seconds.
  path: Assets/AA Low Poly Medieval Environment/Prefabs/Terrains/Terrain_1_Red.prefab
  artifactKey: Guid(712bb419f75c89745a90dad833c630c1) Importer(815301076,1909f56bfc062723c751e8b465ee728b)
Start importing Assets/AA Low Poly Medieval Environment/Prefabs/Terrains/Terrain_1_Red.prefab using Guid(712bb419f75c89745a90dad833c630c1) Importer(815301076,1909f56bfc062723c751e8b465ee728b) [PhysX] Initialized MultithreadedTaskDispatcher with 12 workers.
[PhysX] Initialized MultithreadedTaskDispatcher with 12 workers.
 -> (artifact id: '111fbba238227a175e9d4139599229d2') in 0.032449 seconds
Number of updated asset objects reloaded before import = 0
Number of asset objects unloaded after import = 18
========================================================================
Received Import Request.
  Time since last request: 0.000023 seconds.
  path: Assets/AA Low Poly Medieval Environment/Prefabs/Terrains/Terrain_1_Yellow.prefab
  artifactKey: Guid(40bd5cf61aa4ffb4681f6923bf4ab873) Importer(815301076,1909f56bfc062723c751e8b465ee728b)
Start importing Assets/AA Low Poly Medieval Environment/Prefabs/Terrains/Terrain_1_Yellow.prefab using Guid(40bd5cf61aa4ffb4681f6923bf4ab873) Importer(815301076,1909f56bfc062723c751e8b465ee728b) [PhysX] Initialized MultithreadedTaskDispatcher with 12 workers.
[PhysX] Initialized MultithreadedTaskDispatcher with 12 workers.
 -> (artifact id: 'ff07ae53b431f7eb9f6c0ba12245db8a') in 0.028560 seconds
Number of updated asset objects reloaded before import = 0
Number of asset objects unloaded after import = 18
========================================================================
Received Import Request.
  Time since last request: 0.000035 seconds.
  path: Assets/AA Low Poly Medieval Environment/Prefabs/Terrains/Terrain_5_Red.prefab
  artifactKey: Guid(da3706b59f5424c4b9efccabd503a159) Importer(815301076,1909f56bfc062723c751e8b465ee728b)
Start importing Assets/AA Low Poly Medieval Environment/Prefabs/Terrains/Terrain_5_Red.prefab using Guid(da3706b59f5424c4b9efccabd503a159) Importer(815301076,1909f56bfc062723c751e8b465ee728b) [PhysX] Initialized MultithreadedTaskDispatcher with 12 workers.
[PhysX] Initialized MultithreadedTaskDispatcher with 12 workers.
 -> (artifact id: '52144bcc39c2c00dc72542ea718fb992') in 0.026530 seconds
Number of updated asset objects reloaded before import = 0
Number of asset objects unloaded after import = 17
========================================================================
Received Import Request.
  Time since last request: 0.000152 seconds.
  path: Assets/AA Low Poly Medieval Environment/Prefabs/Terrains/Terrain_2_Green.prefab
  artifactKey: Guid(aa6698eabe426d547b2523743ff5d619) Importer(815301076,1909f56bfc062723c751e8b465ee728b)
Start importing Assets/AA Low Poly Medieval Environment/Prefabs/Terrains/Terrain_2_Green.prefab using Guid(aa6698eabe426d547b2523743ff5d619) Importer(815301076,1909f56bfc062723c751e8b465ee728b) [PhysX] Initialized MultithreadedTaskDispatcher with 12 workers.
[PhysX] Initialized MultithreadedTaskDispatcher with 12 workers.
 -> (artifact id: 'a7f15fc930ce658cf168532f39180bb3') in 0.021129 seconds
Number of updated asset objects reloaded before import = 0
Number of asset objects unloaded after import = 18
========================================================================
Received Import Request.
  Time since last request: 0.000019 seconds.
  path: Assets/AA Low Poly Medieval Environment/Prefabs/Terrains/Terrain_3_Green.prefab
  artifactKey: Guid(831d313d9be80954cb43bd63bff29e8a) Importer(815301076,1909f56bfc062723c751e8b465ee728b)
Start importing Assets/AA Low Poly Medieval Environment/Prefabs/Terrains/Terrain_3_Green.prefab using Guid(831d313d9be80954cb43bd63bff29e8a) Importer(815301076,1909f56bfc062723c751e8b465ee728b) [PhysX] Initialized MultithreadedTaskDispatcher with 12 workers.
[PhysX] Initialized MultithreadedTaskDispatcher with 12 workers.
 -> (artifact id: '25f11fba91eab0f00fb81da9b6ed6147') in 0.022542 seconds
Number of updated asset objects reloaded before import = 0
Number of asset objects unloaded after import = 17
========================================================================
Received Import Request.
  Time since last request: 0.000026 seconds.
  path: Assets/AA Low Poly Medieval Environment/Prefabs/Terrains/Terrain_2_Red.prefab
  artifactKey: Guid(286e5da250a45a843aaf38ab456edd9b) Importer(815301076,1909f56bfc062723c751e8b465ee728b)
Start importing Assets/AA Low Poly Medieval Environment/Prefabs/Terrains/Terrain_2_Red.prefab using Guid(286e5da250a45a843aaf38ab456edd9b) Importer(815301076,1909f56bfc062723c751e8b465ee728b) [PhysX] Initialized MultithreadedTaskDispatcher with 12 workers.
[PhysX] Initialized MultithreadedTaskDispatcher with 12 workers.
 -> (artifact id: 'f6fc35ad036450827d564891d9058895') in 0.022350 seconds
Number of updated asset objects reloaded before import = 0
Number of asset objects unloaded after import = 18
========================================================================
Received Import Request.
  Time since last request: 0.000030 seconds.
  path: Assets/AA Low Poly Medieval Environment/Prefabs/Terrains/Terrain_4_Blue.prefab
  artifactKey: Guid(1d3d1fdf8e1b26949ad43b0fa6984744) Importer(815301076,1909f56bfc062723c751e8b465ee728b)
Start importing Assets/AA Low Poly Medieval Environment/Prefabs/Terrains/Terrain_4_Blue.prefab using Guid(1d3d1fdf8e1b26949ad43b0fa6984744) Importer(815301076,1909f56bfc062723c751e8b465ee728b) [PhysX] Initialized MultithreadedTaskDispatcher with 12 workers.
[PhysX] Initialized MultithreadedTaskDispatcher with 12 workers.
 -> (artifact id: '744180dae0206ee9e47b757f8d7a836a') in 0.020677 seconds
Number of updated asset objects reloaded before import = 0
Number of asset objects unloaded after import = 18
========================================================================
Received Import Request.
  Time since last request: 0.000029 seconds.
  path: Assets/AA Low Poly Medieval Environment/Prefabs/Terrains/Terrain_4_Red.prefab
  artifactKey: Guid(511321f8cda197f4598585916dc4e015) Importer(815301076,1909f56bfc062723c751e8b465ee728b)
Start importing Assets/AA Low Poly Medieval Environment/Prefabs/Terrains/Terrain_4_Red.prefab using Guid(511321f8cda197f4598585916dc4e015) Importer(815301076,1909f56bfc062723c751e8b465ee728b) [PhysX] Initialized MultithreadedTaskDispatcher with 12 workers.
[PhysX] Initialized MultithreadedTaskDispatcher with 12 workers.
 -> (artifact id: '180544d885a9fe8de4d4144c5888723d') in 0.020058 seconds
Number of updated asset objects reloaded before import = 0
Number of asset objects unloaded after import = 18
========================================================================
Received Import Request.
  Time since last request: 50.441380 seconds.
  path: Assets/AA Low Poly Medieval Environment/Prefabs/Torches/Torch_1_Gray.prefab
  artifactKey: Guid(36e82804f6f79a4439871ad01d10af05) Importer(815301076,1909f56bfc062723c751e8b465ee728b)
Start importing Assets/AA Low Poly Medieval Environment/Prefabs/Torches/Torch_1_Gray.prefab using Guid(36e82804f6f79a4439871ad01d10af05) Importer(815301076,1909f56bfc062723c751e8b465ee728b) [PhysX] Initialized MultithreadedTaskDispatcher with 12 workers.
[PhysX] Initialized MultithreadedTaskDispatcher with 12 workers.
 -> (artifact id: 'cadb7ee7249025953aefb0fc2240bb30') in 0.049263 seconds
Number of updated asset objects reloaded before import = 0
Number of asset objects unloaded after import = 42
========================================================================
Received Import Request.
  Time since last request: 0.000260 seconds.
  path: Assets/AA Low Poly Medieval Environment/Prefabs/Torches/Torch_3_Gray.prefab
  artifactKey: Guid(2501c62893bfdbc448f74641fdaf2f8a) Importer(815301076,1909f56bfc062723c751e8b465ee728b)
Start importing Assets/AA Low Poly Medieval Environment/Prefabs/Torches/Torch_3_Gray.prefab using Guid(2501c62893bfdbc448f74641fdaf2f8a) Importer(815301076,1909f56bfc062723c751e8b465ee728b) [PhysX] Initialized MultithreadedTaskDispatcher with 12 workers.
[PhysX] Initialized MultithreadedTaskDispatcher with 12 workers.
 -> (artifact id: '56380e7af4014c47095bfa6878b50314') in 0.027835 seconds
Number of updated asset objects reloaded before import = 0
Number of asset objects unloaded after import = 43
========================================================================
Received Import Request.
  Time since last request: 0.000061 seconds.
  path: Assets/AA Low Poly Medieval Environment/Prefabs/Torches/Torch_4_Brown.prefab
  artifactKey: Guid(56e84053fda72a94b87c7819fd0fae11) Importer(815301076,1909f56bfc062723c751e8b465ee728b)
Start importing Assets/AA Low Poly Medieval Environment/Prefabs/Torches/Torch_4_Brown.prefab using Guid(56e84053fda72a94b87c7819fd0fae11) Importer(815301076,1909f56bfc062723c751e8b465ee728b) [PhysX] Initialized MultithreadedTaskDispatcher with 12 workers.
[PhysX] Initialized MultithreadedTaskDispatcher with 12 workers.
 -> (artifact id: '059d22c1570567340161da7726e2521d') in 0.028418 seconds
Number of updated asset objects reloaded before import = 0
Number of asset objects unloaded after import = 53
========================================================================
Received Import Request.
  Time since last request: 0.000107 seconds.
  path: Assets/AA Low Poly Medieval Environment/Prefabs/Torches/Torch_1_Red.prefab
  artifactKey: Guid(0c8604b82dfdcfb48b579813063b6215) Importer(815301076,1909f56bfc062723c751e8b465ee728b)
Start importing Assets/AA Low Poly Medieval Environment/Prefabs/Torches/Torch_1_Red.prefab using Guid(0c8604b82dfdcfb48b579813063b6215) Importer(815301076,1909f56bfc062723c751e8b465ee728b) [PhysX] Initialized MultithreadedTaskDispatcher with 12 workers.
[PhysX] Initialized MultithreadedTaskDispatcher with 12 workers.
 -> (artifact id: 'c9272fafdf524926d5165b76756d2083') in 0.020405 seconds
Number of updated asset objects reloaded before import = 0
Number of asset objects unloaded after import = 42
========================================================================
Received Import Request.
  Time since last request: 0.000017 seconds.
  path: Assets/AA Low Poly Medieval Environment/Prefabs/Torches/Torch_4_White.prefab
  artifactKey: Guid(911853eaa3a08c847807df39344280ef) Importer(815301076,1909f56bfc062723c751e8b465ee728b)
Start importing Assets/AA Low Poly Medieval Environment/Prefabs/Torches/Torch_4_White.prefab using Guid(911853eaa3a08c847807df39344280ef) Importer(815301076,1909f56bfc062723c751e8b465ee728b) [PhysX] Initialized MultithreadedTaskDispatcher with 12 workers.
[PhysX] Initialized MultithreadedTaskDispatcher with 12 workers.
 -> (artifact id: 'f5ba975290cfc25725e88654eb7260d8') in 0.025681 seconds
Number of updated asset objects reloaded before import = 0
Number of asset objects unloaded after import = 53
========================================================================
Received Import Request.
  Time since last request: 0.000020 seconds.
  path: Assets/AA Low Poly Medieval Environment/Prefabs/Torches/Torch_4_Black.prefab
  artifactKey: Guid(dd174d60973d9b54ab5b2dc75b28f03b) Importer(815301076,1909f56bfc062723c751e8b465ee728b)
Start importing Assets/AA Low Poly Medieval Environment/Prefabs/Torches/Torch_4_Black.prefab using Guid(dd174d60973d9b54ab5b2dc75b28f03b) Importer(815301076,1909f56bfc062723c751e8b465ee728b) [PhysX] Initialized MultithreadedTaskDispatcher with 12 workers.
[PhysX] Initialized MultithreadedTaskDispatcher with 12 workers.
 -> (artifact id: 'c6d8f06e7de57b2dd10ee3fc16c9bab7') in 0.020475 seconds
Number of updated asset objects reloaded before import = 0
Number of asset objects unloaded after import = 53
========================================================================
Received Import Request.
  Time since last request: 0.000020 seconds.
  path: Assets/AA Low Poly Medieval Environment/Prefabs/Torches/Torch_2_Gray.prefab
  artifactKey: Guid(5ad106c963b1e3342918bb5e569d685f) Importer(815301076,1909f56bfc062723c751e8b465ee728b)
Start importing Assets/AA Low Poly Medieval Environment/Prefabs/Torches/Torch_2_Gray.prefab using Guid(5ad106c963b1e3342918bb5e569d685f) Importer(815301076,1909f56bfc062723c751e8b465ee728b) [PhysX] Initialized MultithreadedTaskDispatcher with 12 workers.
[PhysX] Initialized MultithreadedTaskDispatcher with 12 workers.
 -> (artifact id: 'd63701db03a145ca2f2798cc102eb88e') in 0.021122 seconds
Number of updated asset objects reloaded before import = 0
Number of asset objects unloaded after import = 43
========================================================================
Received Import Request.
  Time since last request: 0.000019 seconds.
  path: Assets/AA Low Poly Medieval Environment/Prefabs/Torches/Torch_2_Brown.prefab
  artifactKey: Guid(ff9b7b14c3b370c4ead52afabdee995e) Importer(815301076,1909f56bfc062723c751e8b465ee728b)
Start importing Assets/AA Low Poly Medieval Environment/Prefabs/Torches/Torch_2_Brown.prefab using Guid(ff9b7b14c3b370c4ead52afabdee995e) Importer(815301076,1909f56bfc062723c751e8b465ee728b) [PhysX] Initialized MultithreadedTaskDispatcher with 12 workers.
[PhysX] Initialized MultithreadedTaskDispatcher with 12 workers.
 -> (artifact id: '8eb09dd2aac1b5304b783bfc707ab76d') in 0.018922 seconds
Number of updated asset objects reloaded before import = 0
Number of asset objects unloaded after import = 43
========================================================================
Received Import Request.
  Time since last request: 0.000025 seconds.
  path: Assets/AA Low Poly Medieval Environment/Prefabs/Torches/Torch_4_Gray.prefab
  artifactKey: Guid(e942cdc7899824245844826bb37b62fb) Importer(815301076,1909f56bfc062723c751e8b465ee728b)
Start importing Assets/AA Low Poly Medieval Environment/Prefabs/Torches/Torch_4_Gray.prefab using Guid(e942cdc7899824245844826bb37b62fb) Importer(815301076,1909f56bfc062723c751e8b465ee728b) [PhysX] Initialized MultithreadedTaskDispatcher with 12 workers.
[PhysX] Initialized MultithreadedTaskDispatcher with 12 workers.
 -> (artifact id: 'a665a95db7310992d7b3e168f30a5962') in 0.018953 seconds
Number of updated asset objects reloaded before import = 0
Number of asset objects unloaded after import = 53
========================================================================
Received Import Request.
  Time since last request: 3.470751 seconds.
  path: Assets/AA Low Poly Medieval Environment/Prefabs/Trees/Tree_1_Red.prefab
  artifactKey: Guid(86ca0c53aa35aa947874bff73b08c83f) Importer(815301076,1909f56bfc062723c751e8b465ee728b)
Start importing Assets/AA Low Poly Medieval Environment/Prefabs/Trees/Tree_1_Red.prefab using Guid(86ca0c53aa35aa947874bff73b08c83f) Importer(815301076,1909f56bfc062723c751e8b465ee728b) [PhysX] Initialized MultithreadedTaskDispatcher with 12 workers.
[PhysX] Initialized MultithreadedTaskDispatcher with 12 workers.
 -> (artifact id: 'dd592e56dad504e766081244bb108212') in 0.032622 seconds
Number of updated asset objects reloaded before import = 0
Number of asset objects unloaded after import = 43
========================================================================
Received Import Request.
  Time since last request: 0.000025 seconds.
  path: Assets/AA Low Poly Medieval Environment/Prefabs/Trees/Tree_1_White.prefab
  artifactKey: Guid(f69ceab159ea0ae46821d7e80a07af41) Importer(815301076,1909f56bfc062723c751e8b465ee728b)
Start importing Assets/AA Low Poly Medieval Environment/Prefabs/Trees/Tree_1_White.prefab using Guid(f69ceab159ea0ae46821d7e80a07af41) Importer(815301076,1909f56bfc062723c751e8b465ee728b) [PhysX] Initialized MultithreadedTaskDispatcher with 12 workers.
[PhysX] Initialized MultithreadedTaskDispatcher with 12 workers.
 -> (artifact id: '473dab0dedef3eb24780a9129a59da70') in 0.025997 seconds
Number of updated asset objects reloaded before import = 0
Number of asset objects unloaded after import = 43
========================================================================
Received Import Request.
  Time since last request: 0.000023 seconds.
  path: Assets/AA Low Poly Medieval Environment/Prefabs/Trees/Tree_2_White.prefab
  artifactKey: Guid(fe40084dcc912eb49a6975b9a752c819) Importer(815301076,1909f56bfc062723c751e8b465ee728b)
Start importing Assets/AA Low Poly Medieval Environment/Prefabs/Trees/Tree_2_White.prefab using Guid(fe40084dcc912eb49a6975b9a752c819) Importer(815301076,1909f56bfc062723c751e8b465ee728b) [PhysX] Initialized MultithreadedTaskDispatcher with 12 workers.
[PhysX] Initialized MultithreadedTaskDispatcher with 12 workers.
 -> (artifact id: '746ba8f78a1a28970dde502752fcebf9') in 0.021581 seconds
Number of updated asset objects reloaded before import = 0
Number of asset objects unloaded after import = 43
========================================================================
Received Import Request.
  Time since last request: 0.000041 seconds.
  path: Assets/AA Low Poly Medieval Environment/Prefabs/Trees/Tree_5_Red.prefab
  artifactKey: Guid(e3e5b70becd3ff4419fda47ec2892bc2) Importer(815301076,1909f56bfc062723c751e8b465ee728b)
Start importing Assets/AA Low Poly Medieval Environment/Prefabs/Trees/Tree_5_Red.prefab using Guid(e3e5b70becd3ff4419fda47ec2892bc2) Importer(815301076,1909f56bfc062723c751e8b465ee728b) [PhysX] Initialized MultithreadedTaskDispatcher with 12 workers.
[PhysX] Initialized MultithreadedTaskDispatcher with 12 workers.
 -> (artifact id: '556014f3ac01eea14140050bc2343aac') in 0.017874 seconds
Number of updated asset objects reloaded before import = 0
Number of asset objects unloaded after import = 41
========================================================================
Received Import Request.
  Time since last request: 0.000029 seconds.
  path: Assets/AA Low Poly Medieval Environment/Prefabs/Trees/Tree_3_Yellow.prefab
  artifactKey: Guid(dd7b4e5998bbd0b449bc31fa23bcf2e7) Importer(815301076,1909f56bfc062723c751e8b465ee728b)
Start importing Assets/AA Low Poly Medieval Environment/Prefabs/Trees/Tree_3_Yellow.prefab using Guid(dd7b4e5998bbd0b449bc31fa23bcf2e7) Importer(815301076,1909f56bfc062723c751e8b465ee728b) [PhysX] Initialized MultithreadedTaskDispatcher with 12 workers.
[PhysX] Initialized MultithreadedTaskDispatcher with 12 workers.
 -> (artifact id: '7d68f7591809bcf5e17c9a5f2522699a') in 0.020528 seconds
Number of updated asset objects reloaded before import = 0
Number of asset objects unloaded after import = 43
========================================================================
Received Import Request.
  Time since last request: 0.000021 seconds.
  path: Assets/AA Low Poly Medieval Environment/Prefabs/Trees/Tree_5_Green.prefab
  artifactKey: Guid(5d9cf73e13423ae4ab6852bfd27ccc7a) Importer(815301076,1909f56bfc062723c751e8b465ee728b)
Start importing Assets/AA Low Poly Medieval Environment/Prefabs/Trees/Tree_5_Green.prefab using Guid(5d9cf73e13423ae4ab6852bfd27ccc7a) Importer(815301076,1909f56bfc062723c751e8b465ee728b) [PhysX] Initialized MultithreadedTaskDispatcher with 12 workers.
[PhysX] Initialized MultithreadedTaskDispatcher with 12 workers.
 -> (artifact id: '378dbae1aa236dbde76e04cfe4679435') in 0.027674 seconds
Number of updated asset objects reloaded before import = 0
Number of asset objects unloaded after import = 41
========================================================================
Received Import Request.
  Time since last request: 0.000020 seconds.
  path: Assets/AA Low Poly Medieval Environment/Prefabs/Trees/Tree_4_Green.prefab
  artifactKey: Guid(a1a47c0666592ca45ada78ce578d6e1a) Importer(815301076,1909f56bfc062723c751e8b465ee728b)
Start importing Assets/AA Low Poly Medieval Environment/Prefabs/Trees/Tree_4_Green.prefab using Guid(a1a47c0666592ca45ada78ce578d6e1a) Importer(815301076,1909f56bfc062723c751e8b465ee728b) [PhysX] Initialized MultithreadedTaskDispatcher with 12 workers.
[PhysX] Initialized MultithreadedTaskDispatcher with 12 workers.
 -> (artifact id: '6eae270a0b747f1c4830477f80d456f7') in 0.017501 seconds
Number of updated asset objects reloaded before import = 0
Number of asset objects unloaded after import = 42
========================================================================
Received Import Request.
  Time since last request: 0.000025 seconds.
  path: Assets/AA Low Poly Medieval Environment/Prefabs/Trees/Tree_4_White.prefab
  artifactKey: Guid(6befacf26d7a78048a0d871578b6043f) Importer(815301076,1909f56bfc062723c751e8b465ee728b)
Start importing Assets/AA Low Poly Medieval Environment/Prefabs/Trees/Tree_4_White.prefab using Guid(6befacf26d7a78048a0d871578b6043f) Importer(815301076,1909f56bfc062723c751e8b465ee728b) [PhysX] Initialized MultithreadedTaskDispatcher with 12 workers.
[PhysX] Initialized MultithreadedTaskDispatcher with 12 workers.
 -> (artifact id: '7cb4570a150dc384b53d4dbd8f74eb23') in 0.020457 seconds
Number of updated asset objects reloaded before import = 0
Number of asset objects unloaded after import = 42
========================================================================
Received Import Request.
  Time since last request: 0.000033 seconds.
  path: Assets/AA Low Poly Medieval Environment/Prefabs/Trees/Tree_2_Red.prefab
  artifactKey: Guid(50cac7f509fa3f74e98391d1274675ba) Importer(815301076,1909f56bfc062723c751e8b465ee728b)
Start importing Assets/AA Low Poly Medieval Environment/Prefabs/Trees/Tree_2_Red.prefab using Guid(50cac7f509fa3f74e98391d1274675ba) Importer(815301076,1909f56bfc062723c751e8b465ee728b) [PhysX] Initialized MultithreadedTaskDispatcher with 12 workers.
[PhysX] Initialized MultithreadedTaskDispatcher with 12 workers.
 -> (artifact id: '91f949d98319e89686cac1b7e398af9b') in 0.021143 seconds
Number of updated asset objects reloaded before import = 0
Number of asset objects unloaded after import = 43
Editor requested this worker to shutdown with reason: Scaling down because of idle timeout
TcpMessagingSession - receive error
AssetImportWorkerClient::OnTransportError - code=2 error=End of file
AssetImportWorker is now disconnected from the server
Process exiting
Exiting without the bug reporter. Application will terminate with return code 0