Using pre-set license
Built from '2022.3/staging' branch; Version is '2022.3.39f1 (4e1b0f82c39a) revision 5118735'; Using compiler version '192829333'; Build Type 'Release'
OS: 'Windows 11  (10.0.22631) 64bit Core' Language: 'en' Physical Memory: 7860 MB
BatchMode: 1, IsHumanControllingUs: 0, StartBugReporterOnCrash: 0, Is64bit: 1, IsPro: 1

COMMAND LINE ARGUMENTS:
D:\unity\2022.3.39f1\Editor\Unity.exe
-adb2
-batchMode
-noUpm
-name
AssetImportWorker0
-projectPath
D:/unityprojects/My project2
-logFile
Logs/AssetImportWorker0.log
-srvPort
50945
Successfully changed project path to: D:/unityprojects/My project2
D:/unityprojects/My project2
[UnityMemory] Configuration Parameters - Can be set up in boot.config
    "memorysetup-bucket-allocator-granularity=16"
    "memorysetup-bucket-allocator-bucket-count=8"
    "memorysetup-bucket-allocator-block-size=33554432"
    "memorysetup-bucket-allocator-block-count=8"
    "memorysetup-main-allocator-block-size=16777216"
    "memorysetup-thread-allocator-block-size=16777216"
    "memorysetup-gfx-main-allocator-block-size=16777216"
    "memorysetup-gfx-thread-allocator-block-size=16777216"
    "memorysetup-cache-allocator-block-size=4194304"
    "memorysetup-typetree-allocator-block-size=2097152"
    "memorysetup-profiler-bucket-allocator-granularity=16"
    "memorysetup-profiler-bucket-allocator-bucket-count=8"
    "memorysetup-profiler-bucket-allocator-block-size=33554432"
    "memorysetup-profiler-bucket-allocator-block-count=8"
    "memorysetup-profiler-allocator-block-size=16777216"
    "memorysetup-profiler-editor-allocator-block-size=1048576"
    "memorysetup-temp-allocator-size-main=16777216"
    "memorysetup-job-temp-allocator-block-size=2097152"
    "memorysetup-job-temp-allocator-block-size-background=1048576"
    "memorysetup-job-temp-allocator-reduction-small-platforms=262144"
    "memorysetup-allocator-temp-initial-block-size-main=262144"
    "memorysetup-allocator-temp-initial-block-size-worker=262144"
    "memorysetup-temp-allocator-size-background-worker=32768"
    "memorysetup-temp-allocator-size-job-worker=262144"
    "memorysetup-temp-allocator-size-preload-manager=33554432"
    "memorysetup-temp-allocator-size-nav-mesh-worker=65536"
    "memorysetup-temp-allocator-size-audio-worker=65536"
    "memorysetup-temp-allocator-size-cloud-worker=32768"
    "memorysetup-temp-allocator-size-gi-baking-worker=262144"
    "memorysetup-temp-allocator-size-gfx=262144"
Player connection [15068]  Target information:

Player connection [15068]  * "[IP] 192.168.18.212 [Port] 0 [Flags] 2 [Guid] 1123575526 [EditorId] 1123575526 [Version] 1048832 [Id] WindowsEditor(7,Hammads-Lappy) [Debug] 1 [PackageName] WindowsEditor [ProjectName] Editor" 

Player connection [15068] Host joined multi-casting on [225.0.0.222:54997]...
Player connection [15068] Host joined alternative multi-casting on [225.0.0.222:34997]...
[PhysX] Initialized MultithreadedTaskDispatcher with 12 workers.
Refreshing native plugins compatible for Editor in 6740.28 ms, found 3 plugins.
Preloading 0 native plugins for Editor in 0.00 ms.
Initialize engine version: 2022.3.39f1 (4e1b0f82c39a)
[Subsystems] Discovering subsystems at path D:/unity/2022.3.39f1/Editor/Data/Resources/UnitySubsystems
[Subsystems] Discovering subsystems at path D:/unityprojects/My project2/Assets
GfxDevice: creating device client; threaded=0; jobified=0
Direct3D:
    Version:  Direct3D 11.0 [level 11.1]
    Renderer: NVIDIA GeForce GTX 1650 (ID=0x1f9d)
    Vendor:   NVIDIA
    VRAM:     3950 MB
    Driver:   31.0.15.4633
Initialize mono
Mono path[0] = 'D:/unity/2022.3.39f1/Editor/Data/Managed'
Mono path[1] = 'D:/unity/2022.3.39f1/Editor/Data/MonoBleedingEdge/lib/mono/unityjit-win32'
Mono config path = 'D:/unity/2022.3.39f1/Editor/Data/MonoBleedingEdge/etc'
Using monoOptions --debugger-agent=transport=dt_socket,embedding=1,server=y,suspend=n,address=127.0.0.1:56396
Begin MonoManager ReloadAssembly
Registering precompiled unity dll's ...
Register platform support module: D:/unity/2022.3.39f1/Editor/Data/PlaybackEngines/AndroidPlayer/UnityEditor.Android.Extensions.dll
Register platform support module: D:/unity/2022.3.39f1/Editor/Data/PlaybackEngines/WindowsStandaloneSupport/UnityEditor.WindowsStandalone.Extensions.dll
Registered in 0.015551 seconds.
- Loaded All Assemblies, in 17.634 seconds
Native extension for WindowsStandalone target not found
Native extension for Android target not found
Android SDK Build-tools component is not found. Make sure all tools are installed in the SDK manager.
UnityEngine.StackTraceUtility:ExtractStackTrace ()
UnityEngine.DebugLogHandler:LogFormat (UnityEngine.LogType,UnityEngine.Object,string,object[])
UnityEngine.Logger:Log (UnityEngine.LogType,object)
UnityEngine.Debug:LogError (object)
UnityEditor.Android.AndroidSDKTools:UpdateToolsDirectories ()
UnityEditor.Android.AndroidSDKTools:.ctor (string)
UnityEditor.Android.AndroidSDKTools:CreateAndroidSDKTools (string)
UnityEditor.Android.AndroidSDKTools:GetInstance<UnityEditor.Android.AndroidSDKTools> (UnityEditor.Android.AndroidSDKTools/InstanceCreator)
UnityEditor.Android.AndroidSDKTools:GetInstance ()
UnityEditor.Android.AndroidDeploymentTargetsExtension:GetMainThreadContext (bool)
UnityEditor.Android.TargetExtension:OnUsbDevicesChanged (UnityEditor.Hardware.UsbDevice[])
UnityEditor.Android.TargetExtension:OnLoad ()
UnityEditor.Modules.ModuleManager:InitializePlatformSupportModules ()

Android Extension - Scanning For ADB Devices 360 ms
Mono: successfully reloaded assembly
- Finished resetting the current domain, in  0.970 seconds
Domain Reload Profiling: 18605ms
	BeginReloadAssembly (13238ms)
		ExecutionOrderSort (0ms)
		DisableScriptedObjects (0ms)
		BackupInstance (0ms)
		ReleaseScriptingObjects (0ms)
		CreateAndSetChildDomain (2ms)
	RebuildCommonClasses (1186ms)
	RebuildNativeTypeToScriptingClass (9ms)
	initialDomainReloadingComplete (62ms)
	LoadAllAssembliesAndSetupDomain (3138ms)
		LoadAssemblies (13237ms)
		RebuildTransferFunctionScriptingTraits (0ms)
		AnalyzeDomain (3135ms)
			TypeCache.Refresh (3133ms)
				TypeCache.ScanAssembly (2499ms)
			ScanForSourceGeneratedMonoScriptInfo (0ms)
			ResolveRequiredComponents (0ms)
	FinalizeReload (971ms)
		ReleaseScriptCaches (0ms)
		RebuildScriptCaches (0ms)
		SetupLoadedEditorAssemblies (913ms)
			LogAssemblyErrors (0ms)
			InitializePlatformSupportModulesInManaged (730ms)
			SetLoadedEditorAssemblies (4ms)
			RefreshPlugins (0ms)
			BeforeProcessingInitializeOnLoad (3ms)
			ProcessInitializeOnLoadAttributes (125ms)
			ProcessInitializeOnLoadMethodAttributes (52ms)
			AfterProcessingInitializeOnLoad (0ms)
			EditorAssembliesLoaded (0ms)
		ExecutionOrderSort2 (0ms)
		AwakeInstancesAfterBackupRestoration (0ms)
========================================================================
Worker process is ready to serve import requests
Begin MonoManager ReloadAssembly
Symbol file LoadedFromMemory is not a mono symbol file
- Loaded All Assemblies, in 21.999 seconds
Refreshing native plugins compatible for Editor in 11.50 ms, found 3 plugins.
Native extension for WindowsStandalone target not found
Native extension for Android target not found
Package Manager log level set to [2]
[Package Manager] Server::EnsureServerProcessIsRunning -- launch failed, reason: Unity was launched with the -noUpm command-line argument
[Package Manager] UpmClient::Send -- Unable to send message (not connected to UPM process).
[Package Manager] Cannot connect to Unity Package Manager local server
Mono: successfully reloaded assembly
- Finished resetting the current domain, in  1.102 seconds
Domain Reload Profiling: 23103ms
	BeginReloadAssembly (201ms)
		ExecutionOrderSort (0ms)
		DisableScriptedObjects (6ms)
		BackupInstance (0ms)
		ReleaseScriptingObjects (0ms)
		CreateAndSetChildDomain (24ms)
	RebuildCommonClasses (37ms)
	RebuildNativeTypeToScriptingClass (9ms)
	initialDomainReloadingComplete (44ms)
	LoadAllAssembliesAndSetupDomain (21708ms)
		LoadAssemblies (20170ms)
		RebuildTransferFunctionScriptingTraits (0ms)
		AnalyzeDomain (1675ms)
			TypeCache.Refresh (1640ms)
				TypeCache.ScanAssembly (1520ms)
			ScanForSourceGeneratedMonoScriptInfo (26ms)
			ResolveRequiredComponents (7ms)
	FinalizeReload (1103ms)
		ReleaseScriptCaches (0ms)
		RebuildScriptCaches (0ms)
		SetupLoadedEditorAssemblies (924ms)
			LogAssemblyErrors (0ms)
			InitializePlatformSupportModulesInManaged (22ms)
			SetLoadedEditorAssemblies (5ms)
			RefreshPlugins (0ms)
			BeforeProcessingInitializeOnLoad (65ms)
			ProcessInitializeOnLoadAttributes (669ms)
			ProcessInitializeOnLoadMethodAttributes (162ms)
			AfterProcessingInitializeOnLoad (1ms)
			EditorAssembliesLoaded (0ms)
		ExecutionOrderSort2 (0ms)
		AwakeInstancesAfterBackupRestoration (8ms)
Launched and connected shader compiler UnityShaderCompiler.exe after 0.08 seconds
Refreshing native plugins compatible for Editor in 7.39 ms, found 3 plugins.
Preloading 0 native plugins for Editor in 0.00 ms.
Unloading 4310 Unused Serialized files (Serialized files now loaded: 0)
Unloading 76 unused Assets / (216.2 KB). Loaded Objects now: 4747.
Memory consumption went from 160.4 MB to 160.2 MB.
Total: 12.262200 ms (FindLiveObjects: 0.421500 ms CreateObjectMapping: 0.318500 ms MarkObjects: 9.723900 ms  DeleteObjects: 1.796100 ms)

AssetImportParameters requested are different than current active one (requested -> active):
  custom:container-demuxer-ogg: 62fdf1f143b41e24485cea50d1cbac27 -> 
  custom:video-codec-MediaFoundation-h265: 746d11721c4dcdbdad8f713fa42b33f4 -> 
  custom:video-decoder-ogg-theora: a1e56fd34408186e4bbccfd4996cb3dc -> 
  custom:framework-win-MediaFoundation: 216162199b28c13a410421893ffa2e32 -> 
  custom:CustomObjectIndexerAttribute: 9a22284fe3817be447336de3de66b15e -> 
  custom:container-demuxer-webm: 4f35f7cbe854078d1ac9338744f61a02 -> 
  custom:container-muxer-webm: aa71ff27fc2769a1b78a27578f13a17b -> 
  custom:video-decoder-webm-vp8: 9c59270c3fd7afecdb556c50c9e8de78 -> 
  custom:SearchIndexIgnoredProperties: e643bd26f0fe6173181afceb89e7c659 -> 
  custom:AudioImporter_EditorPlatform: d09bf68614088b80899f8185d706f6e7 -> 
  custom:video-encoder-webm-vp8: eb34c28f22e8b96e1ab97ce403110664 -> 
  custom:audio-decoder-ogg-vorbis: bf7c407c2cedff20999df2af8eb42d56 -> 
  custom:audio-encoder-webm-vorbis: bf7c407c2cedff20999df2af8eb42d56 -> 
========================================================================
Received Import Request.
  Time since last request: 1046.090497 seconds.
  path: Assets/downloadedstuff/Polygon Arsenal/Models/PolyCapsuleOffset.FBX
  artifactKey: Guid(91c2cad7f7aa5614c9668d7ef4423630) Importer(815301076,1909f56bfc062723c751e8b465ee728b)
Start importing Assets/downloadedstuff/Polygon Arsenal/Models/PolyCapsuleOffset.FBX using Guid(91c2cad7f7aa5614c9668d7ef4423630) Importer(815301076,1909f56bfc062723c751e8b465ee728b) [PhysX] Initialized MultithreadedTaskDispatcher with 12 workers.
[PhysX] Initialized MultithreadedTaskDispatcher with 12 workers.
[PhysX] Initialized MultithreadedTaskDispatcher with 12 workers.
 -> (artifact id: 'c57a3d24cc346afe62cab3920192ae30') in 0.207504 seconds
Number of updated asset objects reloaded before import = 0
Number of asset objects unloaded after import = 10
========================================================================
Received Import Request.
  Time since last request: 0.000073 seconds.
  path: Assets/downloadedstuff/Polygon Arsenal/Models/PolyGlowTube.FBX
  artifactKey: Guid(d4f4c1b520894ff4b9fd2c84d90a9ab6) Importer(815301076,1909f56bfc062723c751e8b465ee728b)
Start importing Assets/downloadedstuff/Polygon Arsenal/Models/PolyGlowTube.FBX using Guid(d4f4c1b520894ff4b9fd2c84d90a9ab6) Importer(815301076,1909f56bfc062723c751e8b465ee728b) [PhysX] Initialized MultithreadedTaskDispatcher with 12 workers.
[PhysX] Initialized MultithreadedTaskDispatcher with 12 workers.
[PhysX] Initialized MultithreadedTaskDispatcher with 12 workers.
 -> (artifact id: '9a1225326d96dad9407f291c8c103d20') in 0.033082 seconds
Number of updated asset objects reloaded before import = 0
Number of asset objects unloaded after import = 10
========================================================================
Received Import Request.
  Time since last request: 0.000067 seconds.
  path: Assets/downloadedstuff/Polygon Arsenal/Models/PolySkullFull.FBX
  artifactKey: Guid(e9cab8d8e792c704ea37f1e597d16eb6) Importer(815301076,1909f56bfc062723c751e8b465ee728b)
Start importing Assets/downloadedstuff/Polygon Arsenal/Models/PolySkullFull.FBX using Guid(e9cab8d8e792c704ea37f1e597d16eb6) Importer(815301076,1909f56bfc062723c751e8b465ee728b) [PhysX] Initialized MultithreadedTaskDispatcher with 12 workers.
[PhysX] Initialized MultithreadedTaskDispatcher with 12 workers.
[PhysX] Initialized MultithreadedTaskDispatcher with 12 workers.
 -> (artifact id: 'd8ef08133c3814f928a55ac37a0652be') in 0.032642 seconds
Number of updated asset objects reloaded before import = 0
Number of asset objects unloaded after import = 10
========================================================================
Received Import Request.
  Time since last request: 0.000089 seconds.
  path: Assets/downloadedstuff/Polygon Arsenal/Models/PolySphereNormal.FBX
  artifactKey: Guid(18f8256b07af27c43bffd5746817ba05) Importer(815301076,1909f56bfc062723c751e8b465ee728b)
Start importing Assets/downloadedstuff/Polygon Arsenal/Models/PolySphereNormal.FBX using Guid(18f8256b07af27c43bffd5746817ba05) Importer(815301076,1909f56bfc062723c751e8b465ee728b) [PhysX] Initialized MultithreadedTaskDispatcher with 12 workers.
[PhysX] Initialized MultithreadedTaskDispatcher with 12 workers.
[PhysX] Initialized MultithreadedTaskDispatcher with 12 workers.
 -> (artifact id: '941beb8bcce2b2da8590d1eb91b75275') in 0.028620 seconds
Number of updated asset objects reloaded before import = 0
Number of asset objects unloaded after import = 10
========================================================================
Received Import Request.
  Time since last request: 0.000037 seconds.
  path: Assets/downloadedstuff/Polygon Arsenal/Models/PolyCapsuleCentered.FBX
  artifactKey: Guid(a0a1c331792d03a409345c40e19b7612) Importer(815301076,1909f56bfc062723c751e8b465ee728b)
Start importing Assets/downloadedstuff/Polygon Arsenal/Models/PolyCapsuleCentered.FBX using Guid(a0a1c331792d03a409345c40e19b7612) Importer(815301076,1909f56bfc062723c751e8b465ee728b) [PhysX] Initialized MultithreadedTaskDispatcher with 12 workers.
[PhysX] Initialized MultithreadedTaskDispatcher with 12 workers.
[PhysX] Initialized MultithreadedTaskDispatcher with 12 workers.
 -> (artifact id: '76f5422043588e7e7d5aefef253a7b05') in 0.027916 seconds
Number of updated asset objects reloaded before import = 0
Number of asset objects unloaded after import = 10
========================================================================
Received Import Request.
  Time since last request: 0.000041 seconds.
  path: Assets/downloadedstuff/Polygon Arsenal/Models/PolyDiamond.FBX
  artifactKey: Guid(0191065febb0d584d8bc23b85663a44f) Importer(815301076,1909f56bfc062723c751e8b465ee728b)
Start importing Assets/downloadedstuff/Polygon Arsenal/Models/PolyDiamond.FBX using Guid(0191065febb0d584d8bc23b85663a44f) Importer(815301076,1909f56bfc062723c751e8b465ee728b) [PhysX] Initialized MultithreadedTaskDispatcher with 12 workers.
[PhysX] Initialized MultithreadedTaskDispatcher with 12 workers.
[PhysX] Initialized MultithreadedTaskDispatcher with 12 workers.
 -> (artifact id: '6bafb41b6941e817e9d515a7ef323fac') in 0.028711 seconds
Number of updated asset objects reloaded before import = 0
Number of asset objects unloaded after import = 10
========================================================================
Received Import Request.
  Time since last request: 0.000035 seconds.
  path: Assets/downloadedstuff/Polygon Arsenal/Models/PolyTorus02.FBX
  artifactKey: Guid(ff659a9249995b84bbd060d1eb7442cc) Importer(815301076,1909f56bfc062723c751e8b465ee728b)
Start importing Assets/downloadedstuff/Polygon Arsenal/Models/PolyTorus02.FBX using Guid(ff659a9249995b84bbd060d1eb7442cc) Importer(815301076,1909f56bfc062723c751e8b465ee728b) [PhysX] Initialized MultithreadedTaskDispatcher with 12 workers.
[PhysX] Initialized MultithreadedTaskDispatcher with 12 workers.
[PhysX] Initialized MultithreadedTaskDispatcher with 12 workers.
 -> (artifact id: 'd60488c163454a91ae61968d69223ed0') in 0.030409 seconds
Number of updated asset objects reloaded before import = 0
Number of asset objects unloaded after import = 10
========================================================================
Received Import Request.
  Time since last request: 0.000019 seconds.
  path: Assets/downloadedstuff/Polygon Arsenal/Models/PolygonPowerupRandom.FBX
  artifactKey: Guid(abcf259595eb14a42ac7096f27e54853) Importer(815301076,1909f56bfc062723c751e8b465ee728b)
Start importing Assets/downloadedstuff/Polygon Arsenal/Models/PolygonPowerupRandom.FBX using Guid(abcf259595eb14a42ac7096f27e54853) Importer(815301076,1909f56bfc062723c751e8b465ee728b) [PhysX] Initialized MultithreadedTaskDispatcher with 12 workers.
[PhysX] Initialized MultithreadedTaskDispatcher with 12 workers.
[PhysX] Initialized MultithreadedTaskDispatcher with 12 workers.
 -> (artifact id: 'adb97e52bcaa892058ba5f0cf8b325de') in 0.023534 seconds
Number of updated asset objects reloaded before import = 0
Number of asset objects unloaded after import = 10
========================================================================
Received Import Request.
  Time since last request: 0.000060 seconds.
  path: Assets/downloadedstuff/Polygon Arsenal/Models
  artifactKey: Guid(03df36a8e95818f4385f287f68b0e34d) Importer(815301076,1909f56bfc062723c751e8b465ee728b)
Start importing Assets/downloadedstuff/Polygon Arsenal/Models using Guid(03df36a8e95818f4385f287f68b0e34d) Importer(815301076,1909f56bfc062723c751e8b465ee728b) [PhysX] Initialized MultithreadedTaskDispatcher with 12 workers.
 -> (artifact id: '2d9f2315f962e27f92fcc28f2ccf892c') in 0.001421 seconds
Number of updated asset objects reloaded before import = 0
Number of asset objects unloaded after import = 0
========================================================================
Received Import Request.
  Time since last request: 0.000037 seconds.
  path: Assets/downloadedstuff/Polygon Arsenal/Models/PolySkullJawEvil.FBX
  artifactKey: Guid(a54784850d3ec5549a1aa5588acfa3dc) Importer(815301076,1909f56bfc062723c751e8b465ee728b)
Start importing Assets/downloadedstuff/Polygon Arsenal/Models/PolySkullJawEvil.FBX using Guid(a54784850d3ec5549a1aa5588acfa3dc) Importer(815301076,1909f56bfc062723c751e8b465ee728b) [PhysX] Initialized MultithreadedTaskDispatcher with 12 workers.
[PhysX] Initialized MultithreadedTaskDispatcher with 12 workers.
[PhysX] Initialized MultithreadedTaskDispatcher with 12 workers.
 -> (artifact id: '1e580390e2c5731134747df1492c0531') in 0.025445 seconds
Number of updated asset objects reloaded before import = 0
Number of asset objects unloaded after import = 10
========================================================================
Received Import Request.
  Time since last request: 0.000041 seconds.
  path: Assets/downloadedstuff/Polygon Arsenal/Models/PolyRoundRock01.FBX
  artifactKey: Guid(63950c8ea96727340a59393ea0447c55) Importer(815301076,1909f56bfc062723c751e8b465ee728b)
Start importing Assets/downloadedstuff/Polygon Arsenal/Models/PolyRoundRock01.FBX using Guid(63950c8ea96727340a59393ea0447c55) Importer(815301076,1909f56bfc062723c751e8b465ee728b) [PhysX] Initialized MultithreadedTaskDispatcher with 12 workers.
[PhysX] Initialized MultithreadedTaskDispatcher with 12 workers.
[PhysX] Initialized MultithreadedTaskDispatcher with 12 workers.
 -> (artifact id: 'd92bfc3eaa3877e31a5457152dbbd189') in 0.029368 seconds
Number of updated asset objects reloaded before import = 0
Number of asset objects unloaded after import = 10
========================================================================
Received Import Request.
  Time since last request: 0.000050 seconds.
  path: Assets/downloadedstuff/Polygon Arsenal/Models/PolyIcicle02.FBX
  artifactKey: Guid(146e7e3a4176aa74ab15a2ccffb32fff) Importer(815301076,1909f56bfc062723c751e8b465ee728b)
Start importing Assets/downloadedstuff/Polygon Arsenal/Models/PolyIcicle02.FBX using Guid(146e7e3a4176aa74ab15a2ccffb32fff) Importer(815301076,1909f56bfc062723c751e8b465ee728b) [PhysX] Initialized MultithreadedTaskDispatcher with 12 workers.
[PhysX] Initialized MultithreadedTaskDispatcher with 12 workers.
[PhysX] Initialized MultithreadedTaskDispatcher with 12 workers.
 -> (artifact id: '338feba9669cee71c3ce781531e320d7') in 0.027656 seconds
Number of updated asset objects reloaded before import = 0
Number of asset objects unloaded after import = 10
========================================================================
Received Import Request.
  Time since last request: 0.000026 seconds.
  path: Assets/downloadedstuff/Polygon Arsenal/Models/PolyBoneRibCage.FBX
  artifactKey: Guid(1cb7884dec2a8874b9ab83ba738ddc20) Importer(815301076,1909f56bfc062723c751e8b465ee728b)
Start importing Assets/downloadedstuff/Polygon Arsenal/Models/PolyBoneRibCage.FBX using Guid(1cb7884dec2a8874b9ab83ba738ddc20) Importer(815301076,1909f56bfc062723c751e8b465ee728b) [PhysX] Initialized MultithreadedTaskDispatcher with 12 workers.
[PhysX] Initialized MultithreadedTaskDispatcher with 12 workers.
[PhysX] Initialized MultithreadedTaskDispatcher with 12 workers.
 -> (artifact id: '42418e5d030005a274eaaab8538577a3') in 0.027769 seconds
Number of updated asset objects reloaded before import = 0
Number of asset objects unloaded after import = 10
========================================================================
Received Import Request.
  Time since last request: 0.000028 seconds.
  path: Assets/downloadedstuff/Polygon Arsenal/Models/PolyTorus.FBX
  artifactKey: Guid(a7cdf6c0757ee5b478f604fceacaec7d) Importer(815301076,1909f56bfc062723c751e8b465ee728b)
Start importing Assets/downloadedstuff/Polygon Arsenal/Models/PolyTorus.FBX using Guid(a7cdf6c0757ee5b478f604fceacaec7d) Importer(815301076,1909f56bfc062723c751e8b465ee728b) [PhysX] Initialized MultithreadedTaskDispatcher with 12 workers.
[PhysX] Initialized MultithreadedTaskDispatcher with 12 workers.
[PhysX] Initialized MultithreadedTaskDispatcher with 12 workers.
 -> (artifact id: 'ddb880c1dd1955621a847935c8a6c359') in 0.028159 seconds
Number of updated asset objects reloaded before import = 0
Number of asset objects unloaded after import = 10
========================================================================
Received Import Request.
  Time since last request: 0.000023 seconds.
  path: Assets/downloadedstuff/Polygon Arsenal/Models/PolySpikeSimple.FBX
  artifactKey: Guid(a5169dd48d2b8b942bd1ec97d88ac52e) Importer(815301076,1909f56bfc062723c751e8b465ee728b)
Start importing Assets/downloadedstuff/Polygon Arsenal/Models/PolySpikeSimple.FBX using Guid(a5169dd48d2b8b942bd1ec97d88ac52e) Importer(815301076,1909f56bfc062723c751e8b465ee728b) [PhysX] Initialized MultithreadedTaskDispatcher with 12 workers.
[PhysX] Initialized MultithreadedTaskDispatcher with 12 workers.
[PhysX] Initialized MultithreadedTaskDispatcher with 12 workers.
 -> (artifact id: 'd3638e85991db24dd97c4f96f83191e9') in 0.029378 seconds
Number of updated asset objects reloaded before import = 0
Number of asset objects unloaded after import = 10
========================================================================
Received Import Request.
  Time since last request: 0.000027 seconds.
  path: Assets/downloadedstuff/Polygon Arsenal/Models/PolyBoneBroken.FBX
  artifactKey: Guid(f1a0bf022ef5ce443a81b80372a361ab) Importer(815301076,1909f56bfc062723c751e8b465ee728b)
Start importing Assets/downloadedstuff/Polygon Arsenal/Models/PolyBoneBroken.FBX using Guid(f1a0bf022ef5ce443a81b80372a361ab) Importer(815301076,1909f56bfc062723c751e8b465ee728b) [PhysX] Initialized MultithreadedTaskDispatcher with 12 workers.
[PhysX] Initialized MultithreadedTaskDispatcher with 12 workers.
[PhysX] Initialized MultithreadedTaskDispatcher with 12 workers.
 -> (artifact id: '5e56ff154616155c5712d9bb13b7db66') in 0.030849 seconds
Number of updated asset objects reloaded before import = 0
Number of asset objects unloaded after import = 10
========================================================================
Received Import Request.
  Time since last request: 0.000022 seconds.
  path: Assets/downloadedstuff/Polygon Arsenal/Models/PolyBoneRib.FBX
  artifactKey: Guid(a14ccf416022b6d4789f4cc7f870da92) Importer(815301076,1909f56bfc062723c751e8b465ee728b)
Start importing Assets/downloadedstuff/Polygon Arsenal/Models/PolyBoneRib.FBX using Guid(a14ccf416022b6d4789f4cc7f870da92) Importer(815301076,1909f56bfc062723c751e8b465ee728b) [PhysX] Initialized MultithreadedTaskDispatcher with 12 workers.
[PhysX] Initialized MultithreadedTaskDispatcher with 12 workers.
[PhysX] Initialized MultithreadedTaskDispatcher with 12 workers.
 -> (artifact id: '5b07ea1ab089e0446fd777b28417b7d8') in 0.028732 seconds
Number of updated asset objects reloaded before import = 0
Number of asset objects unloaded after import = 10
========================================================================
Received Import Request.
  Time since last request: 0.000036 seconds.
  path: Assets/downloadedstuff/Polygon Arsenal/Models/Materials/No Name.mat
  artifactKey: Guid(f5957c73401b96b45b0f1875f68df645) Importer(815301076,1909f56bfc062723c751e8b465ee728b)
Start importing Assets/downloadedstuff/Polygon Arsenal/Models/Materials/No Name.mat using Guid(f5957c73401b96b45b0f1875f68df645) Importer(815301076,1909f56bfc062723c751e8b465ee728b) [PhysX] Initialized MultithreadedTaskDispatcher with 12 workers.
[PhysX] Initialized MultithreadedTaskDispatcher with 12 workers.
 -> (artifact id: '062972273fdc0aa56848a634940af7e0') in 0.041045 seconds
Number of updated asset objects reloaded before import = 0
Number of asset objects unloaded after import = 1
========================================================================
Received Import Request.
  Time since last request: 0.000033 seconds.
  path: Assets/downloadedstuff/Polygon Arsenal/Models/PolySquareRock01.FBX
  artifactKey: Guid(0db1f9049bbd72a49a9c36a3e14695ea) Importer(815301076,1909f56bfc062723c751e8b465ee728b)
Start importing Assets/downloadedstuff/Polygon Arsenal/Models/PolySquareRock01.FBX using Guid(0db1f9049bbd72a49a9c36a3e14695ea) Importer(815301076,1909f56bfc062723c751e8b465ee728b) [PhysX] Initialized MultithreadedTaskDispatcher with 12 workers.
[PhysX] Initialized MultithreadedTaskDispatcher with 12 workers.
[PhysX] Initialized MultithreadedTaskDispatcher with 12 workers.
 -> (artifact id: 'd39b2c93bfb9a1358b429708222e5e9c') in 0.026590 seconds
Number of updated asset objects reloaded before import = 0
Number of asset objects unloaded after import = 10
========================================================================
Received Import Request.
  Time since last request: 41.086115 seconds.
  path: Assets/downloadedstuff/Polygon Arsenal/Prefabs/BlackHoleRed.prefab
  artifactKey: Guid(33782e18fa103434a96acc394fa5a552) Importer(815301076,1909f56bfc062723c751e8b465ee728b)
Start importing Assets/downloadedstuff/Polygon Arsenal/Prefabs/BlackHoleRed.prefab using Guid(33782e18fa103434a96acc394fa5a552) Importer(815301076,1909f56bfc062723c751e8b465ee728b) [PhysX] Initialized MultithreadedTaskDispatcher with 12 workers.
[PhysX] Initialized MultithreadedTaskDispatcher with 12 workers.
 -> (artifact id: 'e0f46d8b49cddddd071c908f669e7421') in 0.179049 seconds
Number of updated asset objects reloaded before import = 0
Number of asset objects unloaded after import = 30
Editor requested this worker to shutdown with reason: Scaling down because of idle timeout
TcpMessagingSession - receive error: operation aborted. errorcode: 995, details: The I/O operation has been aborted because of either a thread exit or an application request.
AssetImportWorker is now disconnected from the server
Process exiting
Exiting without the bug reporter. Application will terminate with return code 0