Using pre-set license
Built from '2022.3/staging' branch; Version is '2022.3.39f1 (4e1b0f82c39a) revision 5118735'; Using compiler version '192829333'; Build Type 'Release'
OS: 'Windows 11  (10.0.22631) 64bit Core' Language: 'en' Physical Memory: 7860 MB
BatchMode: 1, IsHumanControllingUs: 0, StartBugReporterOnCrash: 0, Is64bit: 1, IsPro: 1

COMMAND LINE ARGUMENTS:
D:\unity\2022.3.39f1\Editor\Unity.exe
-adb2
-batchMode
-noUpm
-name
AssetImportWorker7
-projectPath
D:/unityprojects/My project2
-logFile
Logs/AssetImportWorker7.log
-srvPort
50945
Successfully changed project path to: D:/unityprojects/My project2
D:/unityprojects/My project2
[UnityMemory] Configuration Parameters - Can be set up in boot.config
    "memorysetup-bucket-allocator-granularity=16"
    "memorysetup-bucket-allocator-bucket-count=8"
    "memorysetup-bucket-allocator-block-size=33554432"
    "memorysetup-bucket-allocator-block-count=8"
    "memorysetup-main-allocator-block-size=16777216"
    "memorysetup-thread-allocator-block-size=16777216"
    "memorysetup-gfx-main-allocator-block-size=16777216"
    "memorysetup-gfx-thread-allocator-block-size=16777216"
    "memorysetup-cache-allocator-block-size=4194304"
    "memorysetup-typetree-allocator-block-size=2097152"
    "memorysetup-profiler-bucket-allocator-granularity=16"
    "memorysetup-profiler-bucket-allocator-bucket-count=8"
    "memorysetup-profiler-bucket-allocator-block-size=33554432"
    "memorysetup-profiler-bucket-allocator-block-count=8"
    "memorysetup-profiler-allocator-block-size=16777216"
    "memorysetup-profiler-editor-allocator-block-size=1048576"
    "memorysetup-temp-allocator-size-main=16777216"
    "memorysetup-job-temp-allocator-block-size=2097152"
    "memorysetup-job-temp-allocator-block-size-background=1048576"
    "memorysetup-job-temp-allocator-reduction-small-platforms=262144"
    "memorysetup-allocator-temp-initial-block-size-main=262144"
    "memorysetup-allocator-temp-initial-block-size-worker=262144"
    "memorysetup-temp-allocator-size-background-worker=32768"
    "memorysetup-temp-allocator-size-job-worker=262144"
    "memorysetup-temp-allocator-size-preload-manager=33554432"
    "memorysetup-temp-allocator-size-nav-mesh-worker=65536"
    "memorysetup-temp-allocator-size-audio-worker=65536"
    "memorysetup-temp-allocator-size-cloud-worker=32768"
    "memorysetup-temp-allocator-size-gi-baking-worker=262144"
    "memorysetup-temp-allocator-size-gfx=262144"
Player connection [16652]  Target information:

Player connection [16652]  * "[IP] 192.168.18.212 [Port] 0 [Flags] 2 [Guid] 742526782 [EditorId] 742526782 [Version] 1048832 [Id] WindowsEditor(7,Hammads-Lappy) [Debug] 1 [PackageName] WindowsEditor [ProjectName] Editor" 

Player connection [16652] Host joined multi-casting on [225.0.0.222:54997]...
Player connection [16652] Host joined alternative multi-casting on [225.0.0.222:34997]...
[PhysX] Initialized MultithreadedTaskDispatcher with 12 workers.
Refreshing native plugins compatible for Editor in 10.17 ms, found 3 plugins.
Preloading 0 native plugins for Editor in 0.00 ms.
Initialize engine version: 2022.3.39f1 (4e1b0f82c39a)
[Subsystems] Discovering subsystems at path D:/unity/2022.3.39f1/Editor/Data/Resources/UnitySubsystems
[Subsystems] Discovering subsystems at path D:/unityprojects/My project2/Assets
GfxDevice: creating device client; threaded=0; jobified=0
Direct3D:
    Version:  Direct3D 11.0 [level 11.1]
    Renderer: NVIDIA GeForce GTX 1650 (ID=0x1f9d)
    Vendor:   NVIDIA
    VRAM:     3950 MB
    Driver:   31.0.15.4633
Initialize mono
Mono path[0] = 'D:/unity/2022.3.39f1/Editor/Data/Managed'
Mono path[1] = 'D:/unity/2022.3.39f1/Editor/Data/MonoBleedingEdge/lib/mono/unityjit-win32'
Mono config path = 'D:/unity/2022.3.39f1/Editor/Data/MonoBleedingEdge/etc'
Using monoOptions --debugger-agent=transport=dt_socket,embedding=1,server=y,suspend=n,address=127.0.0.1:56252
Begin MonoManager ReloadAssembly
Registering precompiled unity dll's ...
Register platform support module: D:/unity/2022.3.39f1/Editor/Data/PlaybackEngines/AndroidPlayer/UnityEditor.Android.Extensions.dll
Register platform support module: D:/unity/2022.3.39f1/Editor/Data/PlaybackEngines/WindowsStandaloneSupport/UnityEditor.WindowsStandalone.Extensions.dll
Registered in 0.002144 seconds.
- Loaded All Assemblies, in  0.263 seconds
Native extension for WindowsStandalone target not found
Native extension for Android target not found
Android SDK Build-tools component is not found. Make sure all tools are installed in the SDK manager.
UnityEngine.StackTraceUtility:ExtractStackTrace ()
UnityEngine.DebugLogHandler:LogFormat (UnityEngine.LogType,UnityEngine.Object,string,object[])
UnityEngine.Logger:Log (UnityEngine.LogType,object)
UnityEngine.Debug:LogError (object)
UnityEditor.Android.AndroidSDKTools:UpdateToolsDirectories ()
UnityEditor.Android.AndroidSDKTools:.ctor (string)
UnityEditor.Android.AndroidSDKTools:CreateAndroidSDKTools (string)
UnityEditor.Android.AndroidSDKTools:GetInstance<UnityEditor.Android.AndroidSDKTools> (UnityEditor.Android.AndroidSDKTools/InstanceCreator)
UnityEditor.Android.AndroidSDKTools:GetInstance ()
UnityEditor.Android.AndroidDeploymentTargetsExtension:GetMainThreadContext (bool)
UnityEditor.Android.TargetExtension:OnUsbDevicesChanged (UnityEditor.Hardware.UsbDevice[])
UnityEditor.Android.TargetExtension:OnLoad ()
UnityEditor.Modules.ModuleManager:InitializePlatformSupportModules ()

Android Extension - Scanning For ADB Devices 231 ms
Mono: successfully reloaded assembly
- Finished resetting the current domain, in  0.488 seconds
Domain Reload Profiling: 751ms
	BeginReloadAssembly (79ms)
		ExecutionOrderSort (0ms)
		DisableScriptedObjects (0ms)
		BackupInstance (0ms)
		ReleaseScriptingObjects (0ms)
		CreateAndSetChildDomain (1ms)
	RebuildCommonClasses (25ms)
	RebuildNativeTypeToScriptingClass (7ms)
	initialDomainReloadingComplete (37ms)
	LoadAllAssembliesAndSetupDomain (115ms)
		LoadAssemblies (79ms)
		RebuildTransferFunctionScriptingTraits (0ms)
		AnalyzeDomain (113ms)
			TypeCache.Refresh (112ms)
				TypeCache.ScanAssembly (102ms)
			ScanForSourceGeneratedMonoScriptInfo (0ms)
			ResolveRequiredComponents (0ms)
	FinalizeReload (488ms)
		ReleaseScriptCaches (0ms)
		RebuildScriptCaches (0ms)
		SetupLoadedEditorAssemblies (439ms)
			LogAssemblyErrors (0ms)
			InitializePlatformSupportModulesInManaged (310ms)
			SetLoadedEditorAssemblies (3ms)
			RefreshPlugins (0ms)
			BeforeProcessingInitializeOnLoad (2ms)
			ProcessInitializeOnLoadAttributes (83ms)
			ProcessInitializeOnLoadMethodAttributes (41ms)
			AfterProcessingInitializeOnLoad (0ms)
			EditorAssembliesLoaded (0ms)
		ExecutionOrderSort2 (0ms)
		AwakeInstancesAfterBackupRestoration (0ms)
========================================================================
Worker process is ready to serve import requests
Begin MonoManager ReloadAssembly
Symbol file LoadedFromMemory is not a mono symbol file
- Loaded All Assemblies, in  0.565 seconds
Refreshing native plugins compatible for Editor in 5.41 ms, found 3 plugins.
Native extension for WindowsStandalone target not found
Native extension for Android target not found
Package Manager log level set to [2]
[Package Manager] Server::EnsureServerProcessIsRunning -- launch failed, reason: Unity was launched with the -noUpm command-line argument
[Package Manager] UpmClient::Send -- Unable to send message (not connected to UPM process).
[Package Manager] Cannot connect to Unity Package Manager local server
Mono: successfully reloaded assembly
- Finished resetting the current domain, in  0.672 seconds
Domain Reload Profiling: 1237ms
	BeginReloadAssembly (116ms)
		ExecutionOrderSort (0ms)
		DisableScriptedObjects (4ms)
		BackupInstance (0ms)
		ReleaseScriptingObjects (0ms)
		CreateAndSetChildDomain (17ms)
	RebuildCommonClasses (23ms)
	RebuildNativeTypeToScriptingClass (7ms)
	initialDomainReloadingComplete (29ms)
	LoadAllAssembliesAndSetupDomain (390ms)
		LoadAssemblies (290ms)
		RebuildTransferFunctionScriptingTraits (0ms)
		AnalyzeDomain (172ms)
			TypeCache.Refresh (148ms)
				TypeCache.ScanAssembly (131ms)
			ScanForSourceGeneratedMonoScriptInfo (19ms)
			ResolveRequiredComponents (4ms)
	FinalizeReload (672ms)
		ReleaseScriptCaches (0ms)
		RebuildScriptCaches (0ms)
		SetupLoadedEditorAssemblies (551ms)
			LogAssemblyErrors (0ms)
			InitializePlatformSupportModulesInManaged (17ms)
			SetLoadedEditorAssemblies (3ms)
			RefreshPlugins (0ms)
			BeforeProcessingInitializeOnLoad (48ms)
			ProcessInitializeOnLoadAttributes (376ms)
			ProcessInitializeOnLoadMethodAttributes (105ms)
			AfterProcessingInitializeOnLoad (1ms)
			EditorAssembliesLoaded (0ms)
		ExecutionOrderSort2 (0ms)
		AwakeInstancesAfterBackupRestoration (4ms)
Launched and connected shader compiler UnityShaderCompiler.exe after 0.06 seconds
Refreshing native plugins compatible for Editor in 3.42 ms, found 3 plugins.
Preloading 0 native plugins for Editor in 0.00 ms.
Unloading 4310 Unused Serialized files (Serialized files now loaded: 0)
Unloading 76 unused Assets / (215.9 KB). Loaded Objects now: 4749.
Memory consumption went from 160.4 MB to 160.2 MB.
Total: 5.870500 ms (FindLiveObjects: 0.230600 ms CreateObjectMapping: 0.117000 ms MarkObjects: 5.289900 ms  DeleteObjects: 0.232100 ms)

AssetImportParameters requested are different than current active one (requested -> active):
  custom:container-demuxer-ogg: 62fdf1f143b41e24485cea50d1cbac27 -> 
  custom:video-codec-MediaFoundation-h265: 746d11721c4dcdbdad8f713fa42b33f4 -> 
  custom:video-decoder-ogg-theora: a1e56fd34408186e4bbccfd4996cb3dc -> 
  custom:framework-win-MediaFoundation: 216162199b28c13a410421893ffa2e32 -> 
  custom:CustomObjectIndexerAttribute: 9a22284fe3817be447336de3de66b15e -> 
  custom:container-demuxer-webm: 4f35f7cbe854078d1ac9338744f61a02 -> 
  custom:container-muxer-webm: aa71ff27fc2769a1b78a27578f13a17b -> 
  custom:video-decoder-webm-vp8: 9c59270c3fd7afecdb556c50c9e8de78 -> 
  custom:SearchIndexIgnoredProperties: e643bd26f0fe6173181afceb89e7c659 -> 
  custom:AudioImporter_EditorPlatform: d09bf68614088b80899f8185d706f6e7 -> 
  custom:video-encoder-webm-vp8: eb34c28f22e8b96e1ab97ce403110664 -> 
  custom:audio-decoder-ogg-vorbis: bf7c407c2cedff20999df2af8eb42d56 -> 
  custom:audio-encoder-webm-vorbis: bf7c407c2cedff20999df2af8eb42d56 -> 
========================================================================
Received Import Request.
  Time since last request: 2403.922279 seconds.
  path: Assets/downloadedstuff/Polygon Arsenal/Sound/Wav/polygon_explosion_nuke5.wav
  artifactKey: Guid(b566282217beca4468642cf4d14aec6e) Importer(815301076,1909f56bfc062723c751e8b465ee728b)
Start importing Assets/downloadedstuff/Polygon Arsenal/Sound/Wav/polygon_explosion_nuke5.wav using Guid(b566282217beca4468642cf4d14aec6e) Importer(815301076,1909f56bfc062723c751e8b465ee728b) [PhysX] Initialized MultithreadedTaskDispatcher with 12 workers.
[PhysX] Initialized MultithreadedTaskDispatcher with 12 workers.
 -> (artifact id: 'e25eeb9bfd8d1237801953c66572ff2b') in 0.110978 seconds
Number of updated asset objects reloaded before import = 0
Number of asset objects unloaded after import = 2
========================================================================
Received Import Request.
  Time since last request: 21.717617 seconds.
  path: Assets/downloadedstuff/Polygon Arsenal/Sound/Wav/polygon_explosion_small3.wav
  artifactKey: Guid(179cd85d3a4c37346a7d02280411e669) Importer(815301076,1909f56bfc062723c751e8b465ee728b)
Start importing Assets/downloadedstuff/Polygon Arsenal/Sound/Wav/polygon_explosion_small3.wav using Guid(179cd85d3a4c37346a7d02280411e669) Importer(815301076,1909f56bfc062723c751e8b465ee728b) [PhysX] Initialized MultithreadedTaskDispatcher with 12 workers.
[PhysX] Initialized MultithreadedTaskDispatcher with 12 workers.
 -> (artifact id: '8b6bbdb9fd22a5b5108d166d0f4cd2c6') in 0.022632 seconds
Number of updated asset objects reloaded before import = 0
Number of asset objects unloaded after import = 2
========================================================================
Received Import Request.
  Time since last request: 0.000020 seconds.
  path: Assets/downloadedstuff/Polygon Arsenal/Sound/Wav/polygon_explosion_small4.wav
  artifactKey: Guid(17ea2e207a774eb4697888d0c7f0ac75) Importer(815301076,1909f56bfc062723c751e8b465ee728b)
Start importing Assets/downloadedstuff/Polygon Arsenal/Sound/Wav/polygon_explosion_small4.wav using Guid(17ea2e207a774eb4697888d0c7f0ac75) Importer(815301076,1909f56bfc062723c751e8b465ee728b) [PhysX] Initialized MultithreadedTaskDispatcher with 12 workers.
[PhysX] Initialized MultithreadedTaskDispatcher with 12 workers.
 -> (artifact id: 'de5e00042609799eb62243cf303a5764') in 0.026144 seconds
Number of updated asset objects reloaded before import = 0
Number of asset objects unloaded after import = 2
========================================================================
Received Import Request.
  Time since last request: 0.000025 seconds.
  path: Assets/downloadedstuff/Polygon Arsenal/Sound/Wav/polygon_shoot01.wav
  artifactKey: Guid(4e9b7f945db565e4cb215f976ae09e54) Importer(815301076,1909f56bfc062723c751e8b465ee728b)
Start importing Assets/downloadedstuff/Polygon Arsenal/Sound/Wav/polygon_shoot01.wav using Guid(4e9b7f945db565e4cb215f976ae09e54) Importer(815301076,1909f56bfc062723c751e8b465ee728b) [PhysX] Initialized MultithreadedTaskDispatcher with 12 workers.
[PhysX] Initialized MultithreadedTaskDispatcher with 12 workers.
 -> (artifact id: '167cccdd6a4abf19ae0c9b37fb3f05a6') in 0.019505 seconds
Number of updated asset objects reloaded before import = 0
Number of asset objects unloaded after import = 2
========================================================================
Received Import Request.
  Time since last request: 16.176143 seconds.
  path: Assets/downloadedstuff/Polygon Arsenal/Sound/Wav/polygon_shoot_laser01.wav
  artifactKey: Guid(9cc2a755bf3be1a418991bf0785b482c) Importer(815301076,1909f56bfc062723c751e8b465ee728b)
Start importing Assets/downloadedstuff/Polygon Arsenal/Sound/Wav/polygon_shoot_laser01.wav using Guid(9cc2a755bf3be1a418991bf0785b482c) Importer(815301076,1909f56bfc062723c751e8b465ee728b) [PhysX] Initialized MultithreadedTaskDispatcher with 12 workers.
[PhysX] Initialized MultithreadedTaskDispatcher with 12 workers.
 -> (artifact id: '93aad46a8f4be39019263423742a8669') in 0.024190 seconds
Number of updated asset objects reloaded before import = 0
Number of asset objects unloaded after import = 2
========================================================================
Received Import Request.
  Time since last request: 0.000056 seconds.
  path: Assets/downloadedstuff/Polygon Arsenal/Sound/Wav/polygon_shoot_lava.wav
  artifactKey: Guid(cad986cde1313f644b57835ec79a0ff2) Importer(815301076,1909f56bfc062723c751e8b465ee728b)
Start importing Assets/downloadedstuff/Polygon Arsenal/Sound/Wav/polygon_shoot_lava.wav using Guid(cad986cde1313f644b57835ec79a0ff2) Importer(815301076,1909f56bfc062723c751e8b465ee728b) [PhysX] Initialized MultithreadedTaskDispatcher with 12 workers.
[PhysX] Initialized MultithreadedTaskDispatcher with 12 workers.
 -> (artifact id: '0988e49241739cca70ba3987d7fc8a87') in 0.035890 seconds
Number of updated asset objects reloaded before import = 0
Number of asset objects unloaded after import = 2
========================================================================
Received Import Request.
  Time since last request: 0.000070 seconds.
  path: Assets/downloadedstuff/Polygon Arsenal/Sound/Wav/polygon_shoot_lightning.wav
  artifactKey: Guid(dd88e11d4d89e0d43a29d210d7d3b9c8) Importer(815301076,1909f56bfc062723c751e8b465ee728b)
Start importing Assets/downloadedstuff/Polygon Arsenal/Sound/Wav/polygon_shoot_lightning.wav using Guid(dd88e11d4d89e0d43a29d210d7d3b9c8) Importer(815301076,1909f56bfc062723c751e8b465ee728b) [PhysX] Initialized MultithreadedTaskDispatcher with 12 workers.
[PhysX] Initialized MultithreadedTaskDispatcher with 12 workers.
 -> (artifact id: '69efb78540fd02c7b74cfa9827deed32') in 0.025132 seconds
Number of updated asset objects reloaded before import = 0
Number of asset objects unloaded after import = 2
========================================================================
Received Import Request.
  Time since last request: 37.760964 seconds.
  path: Assets/downloadedstuff/Polygon Arsenal/Sound/Wav/polygon_shoot_nuke.wav
  artifactKey: Guid(d91469736f7fc1a4d83fef27b2826dbb) Importer(815301076,1909f56bfc062723c751e8b465ee728b)
Start importing Assets/downloadedstuff/Polygon Arsenal/Sound/Wav/polygon_shoot_nuke.wav using Guid(d91469736f7fc1a4d83fef27b2826dbb) Importer(815301076,1909f56bfc062723c751e8b465ee728b) [PhysX] Initialized MultithreadedTaskDispatcher with 12 workers.
[PhysX] Initialized MultithreadedTaskDispatcher with 12 workers.
 -> (artifact id: 'bfe416885f00a70d9a29fe3c9b135d69') in 0.023247 seconds
Number of updated asset objects reloaded before import = 0
Number of asset objects unloaded after import = 2
========================================================================
Received Import Request.
  Time since last request: 0.000041 seconds.
  path: Assets/downloadedstuff/Polygon Arsenal/Sound/Wav/polygon_shoot_spiky.wav
  artifactKey: Guid(639bf6ac148bdf04eab2d8f6905693ac) Importer(815301076,1909f56bfc062723c751e8b465ee728b)
Start importing Assets/downloadedstuff/Polygon Arsenal/Sound/Wav/polygon_shoot_spiky.wav using Guid(639bf6ac148bdf04eab2d8f6905693ac) Importer(815301076,1909f56bfc062723c751e8b465ee728b) [PhysX] Initialized MultithreadedTaskDispatcher with 12 workers.
[PhysX] Initialized MultithreadedTaskDispatcher with 12 workers.
 -> (artifact id: '640f82f81cf6e33607c74563333a4245') in 0.028526 seconds
Number of updated asset objects reloaded before import = 0
Number of asset objects unloaded after import = 2
========================================================================
Received Import Request.
  Time since last request: 63.757070 seconds.
  path: Assets/downloadedstuff/Polygon Arsenal/Sound/Prefabs/Explosions/PolygonBlackHoleExplosionSND.prefab
  artifactKey: Guid(b3c605644a3980b4aa760e7cb1da201b) Importer(815301076,1909f56bfc062723c751e8b465ee728b)
Start importing Assets/downloadedstuff/Polygon Arsenal/Sound/Prefabs/Explosions/PolygonBlackHoleExplosionSND.prefab using Guid(b3c605644a3980b4aa760e7cb1da201b) Importer(815301076,1909f56bfc062723c751e8b465ee728b) [PhysX] Initialized MultithreadedTaskDispatcher with 12 workers.
 -> (artifact id: 'f341eeb3f09a64790419eab9f32d1b0e') in 0.010873 seconds
Number of updated asset objects reloaded before import = 0
Number of asset objects unloaded after import = 5
========================================================================
Received Import Request.
  Time since last request: 0.008358 seconds.
  path: Assets/downloadedstuff/Polygon Arsenal/Sound/Prefabs/Explosions/PolygonLaserExplosionSND.prefab
  artifactKey: Guid(2911843ef7fbabf4da3be1e87ff86ebb) Importer(815301076,1909f56bfc062723c751e8b465ee728b)
Start importing Assets/downloadedstuff/Polygon Arsenal/Sound/Prefabs/Explosions/PolygonLaserExplosionSND.prefab using Guid(2911843ef7fbabf4da3be1e87ff86ebb) Importer(815301076,1909f56bfc062723c751e8b465ee728b) [PhysX] Initialized MultithreadedTaskDispatcher with 12 workers.
 -> (artifact id: 'fa9b3607ab2e44621e18ed25c72223c0') in 0.001532 seconds
Number of updated asset objects reloaded before import = 0
Number of asset objects unloaded after import = 5
========================================================================
Received Import Request.
  Time since last request: 0.000021 seconds.
  path: Assets/downloadedstuff/Polygon Arsenal/Sound/Prefabs/Explosions/PolygonLightningExplosionSND.prefab
  artifactKey: Guid(7ef82084af5ffe64291f9a7a64a52277) Importer(815301076,1909f56bfc062723c751e8b465ee728b)
Start importing Assets/downloadedstuff/Polygon Arsenal/Sound/Prefabs/Explosions/PolygonLightningExplosionSND.prefab using Guid(7ef82084af5ffe64291f9a7a64a52277) Importer(815301076,1909f56bfc062723c751e8b465ee728b) [PhysX] Initialized MultithreadedTaskDispatcher with 12 workers.
 -> (artifact id: 'fe9b8d6631e957b6ab4d8445b210db71') in 0.001575 seconds
Number of updated asset objects reloaded before import = 0
Number of asset objects unloaded after import = 5
========================================================================
Received Import Request.
  Time since last request: 0.002279 seconds.
  path: Assets/downloadedstuff/Polygon Arsenal/Sound/Prefabs/Explosions/PolygonLiquidLavaExplosionSND.prefab
  artifactKey: Guid(83a560797552ca042b7bcd339886967c) Importer(815301076,1909f56bfc062723c751e8b465ee728b)
Start importing Assets/downloadedstuff/Polygon Arsenal/Sound/Prefabs/Explosions/PolygonLiquidLavaExplosionSND.prefab using Guid(83a560797552ca042b7bcd339886967c) Importer(815301076,1909f56bfc062723c751e8b465ee728b) [PhysX] Initialized MultithreadedTaskDispatcher with 12 workers.
 -> (artifact id: 'bd88e3e46d0950b8d6a4f876c4bf4b8d') in 0.001989 seconds
Number of updated asset objects reloaded before import = 0
Number of asset objects unloaded after import = 5
========================================================================
Received Import Request.
  Time since last request: 0.002569 seconds.
  path: Assets/downloadedstuff/Polygon Arsenal/Sound/Prefabs/Explosions/PolygonLiquidWaterExplosionSND.prefab
  artifactKey: Guid(dddd086eb7da4f84ebd408fe51dcd4fe) Importer(815301076,1909f56bfc062723c751e8b465ee728b)
Start importing Assets/downloadedstuff/Polygon Arsenal/Sound/Prefabs/Explosions/PolygonLiquidWaterExplosionSND.prefab using Guid(dddd086eb7da4f84ebd408fe51dcd4fe) Importer(815301076,1909f56bfc062723c751e8b465ee728b) [PhysX] Initialized MultithreadedTaskDispatcher with 12 workers.
 -> (artifact id: 'a55b2b9e0d4a7fccc8b94ddc7ff44534') in 0.001533 seconds
Number of updated asset objects reloaded before import = 0
Number of asset objects unloaded after import = 5
========================================================================
Received Import Request.
  Time since last request: 0.003350 seconds.
  path: Assets/downloadedstuff/Polygon Arsenal/Sound/Prefabs/Explosions/PolygonPlasmaExplosionSND.prefab
  artifactKey: Guid(d1324a8deb7e19144b382d9a77d51477) Importer(815301076,1909f56bfc062723c751e8b465ee728b)
Start importing Assets/downloadedstuff/Polygon Arsenal/Sound/Prefabs/Explosions/PolygonPlasmaExplosionSND.prefab using Guid(d1324a8deb7e19144b382d9a77d51477) Importer(815301076,1909f56bfc062723c751e8b465ee728b) [PhysX] Initialized MultithreadedTaskDispatcher with 12 workers.
 -> (artifact id: '7e34e9abbc36a64a8cde1b74827d1229') in 0.002002 seconds
Number of updated asset objects reloaded before import = 0
Number of asset objects unloaded after import = 5
========================================================================
Received Import Request.
  Time since last request: 0.007796 seconds.
  path: Assets/downloadedstuff/Polygon Arsenal/Sound/Prefabs/Explosions/PolygonSpikeExplosionSND.prefab
  artifactKey: Guid(80e53fe771453614e894885ec7175fa0) Importer(815301076,1909f56bfc062723c751e8b465ee728b)
Start importing Assets/downloadedstuff/Polygon Arsenal/Sound/Prefabs/Explosions/PolygonSpikeExplosionSND.prefab using Guid(80e53fe771453614e894885ec7175fa0) Importer(815301076,1909f56bfc062723c751e8b465ee728b) [PhysX] Initialized MultithreadedTaskDispatcher with 12 workers.
 -> (artifact id: '9fd9ebcdf6defd3d3933d28387fe397f') in 0.001754 seconds
Number of updated asset objects reloaded before import = 0
Number of asset objects unloaded after import = 5
========================================================================
Received Import Request.
  Time since last request: 17.591166 seconds.
  path: Assets/downloadedstuff/Polygon Arsenal/Sound/Prefabs/Missile/PolygonBulletMissileSND.prefab
  artifactKey: Guid(07ce6accd60d3304d9e4d7213ff2fc14) Importer(815301076,1909f56bfc062723c751e8b465ee728b)
Start importing Assets/downloadedstuff/Polygon Arsenal/Sound/Prefabs/Missile/PolygonBulletMissileSND.prefab using Guid(07ce6accd60d3304d9e4d7213ff2fc14) Importer(815301076,1909f56bfc062723c751e8b465ee728b) [PhysX] Initialized MultithreadedTaskDispatcher with 12 workers.
 -> (artifact id: '20808a0b2a8057085e7bc1a230df4b99') in 0.003170 seconds
Number of updated asset objects reloaded before import = 0
Number of asset objects unloaded after import = 5
========================================================================
Received Import Request.
  Time since last request: 0.000926 seconds.
  path: Assets/downloadedstuff/Polygon Arsenal/Sound/Prefabs/Missile/PolygonFrostMissileSND.prefab
  artifactKey: Guid(8d3d4b27548d71846b57635c56d3d240) Importer(815301076,1909f56bfc062723c751e8b465ee728b)
Start importing Assets/downloadedstuff/Polygon Arsenal/Sound/Prefabs/Missile/PolygonFrostMissileSND.prefab using Guid(8d3d4b27548d71846b57635c56d3d240) Importer(815301076,1909f56bfc062723c751e8b465ee728b) [PhysX] Initialized MultithreadedTaskDispatcher with 12 workers.
 -> (artifact id: 'fb07d6a4bcbdc729c330e1f97ae42145') in 0.001414 seconds
Number of updated asset objects reloaded before import = 0
Number of asset objects unloaded after import = 5
========================================================================
Received Import Request.
  Time since last request: 0.002808 seconds.
  path: Assets/downloadedstuff/Polygon Arsenal/Sound/Prefabs/Missile/PolygonLaserMissileSND.prefab
  artifactKey: Guid(c81510a7e653df34484d8165bee1eba1) Importer(815301076,1909f56bfc062723c751e8b465ee728b)
Start importing Assets/downloadedstuff/Polygon Arsenal/Sound/Prefabs/Missile/PolygonLaserMissileSND.prefab using Guid(c81510a7e653df34484d8165bee1eba1) Importer(815301076,1909f56bfc062723c751e8b465ee728b) [PhysX] Initialized MultithreadedTaskDispatcher with 12 workers.
 -> (artifact id: '294fcf9eec4db96e2f62c94247f3d55d') in 0.002490 seconds
Number of updated asset objects reloaded before import = 0
Number of asset objects unloaded after import = 5
========================================================================
Received Import Request.
  Time since last request: 0.003781 seconds.
  path: Assets/downloadedstuff/Polygon Arsenal/Sound/Prefabs/Missile/PolygonLiquidAcidMissileSND.prefab
  artifactKey: Guid(438f30aa822c78746a6f3a05180fb41e) Importer(815301076,1909f56bfc062723c751e8b465ee728b)
Start importing Assets/downloadedstuff/Polygon Arsenal/Sound/Prefabs/Missile/PolygonLiquidAcidMissileSND.prefab using Guid(438f30aa822c78746a6f3a05180fb41e) Importer(815301076,1909f56bfc062723c751e8b465ee728b) [PhysX] Initialized MultithreadedTaskDispatcher with 12 workers.
 -> (artifact id: '711d43647a6a6d2f5629bf1568c5176a') in 0.001697 seconds
Number of updated asset objects reloaded before import = 0
Number of asset objects unloaded after import = 5
========================================================================
Received Import Request.
  Time since last request: 0.000434 seconds.
  path: Assets/downloadedstuff/Polygon Arsenal/Sound/Prefabs/Missile/PolygonLiquidOilMissileSND.prefab
  artifactKey: Guid(c434e5f2a4a624443bc5e30a2d3dc162) Importer(815301076,1909f56bfc062723c751e8b465ee728b)
Start importing Assets/downloadedstuff/Polygon Arsenal/Sound/Prefabs/Missile/PolygonLiquidOilMissileSND.prefab using Guid(c434e5f2a4a624443bc5e30a2d3dc162) Importer(815301076,1909f56bfc062723c751e8b465ee728b) [PhysX] Initialized MultithreadedTaskDispatcher with 12 workers.
 -> (artifact id: 'dedd5f58c7f533ed5f05423a75cc2bbe') in 0.002344 seconds
Number of updated asset objects reloaded before import = 0
Number of asset objects unloaded after import = 5
========================================================================
Received Prepare
Begin MonoManager ReloadAssembly
Symbol file LoadedFromMemory is not a mono symbol file
- Loaded All Assemblies, in  0.510 seconds
Refreshing native plugins compatible for Editor in 4.29 ms, found 3 plugins.
Native extension for WindowsStandalone target not found
Native extension for Android target not found
[Package Manager] Server::EnsureServerProcessIsRunning -- launch failed, reason: Unity was launched with the -noUpm command-line argument
[Package Manager] UpmClient::Send -- Unable to send message (not connected to UPM process).
[Package Manager] Cannot connect to Unity Package Manager local server
Mono: successfully reloaded assembly
- Finished resetting the current domain, in  1.083 seconds
Domain Reload Profiling: 1593ms
	BeginReloadAssembly (171ms)
		ExecutionOrderSort (0ms)
		DisableScriptedObjects (4ms)
		BackupInstance (0ms)
		ReleaseScriptingObjects (0ms)
		CreateAndSetChildDomain (47ms)
	RebuildCommonClasses (26ms)
	RebuildNativeTypeToScriptingClass (9ms)
	initialDomainReloadingComplete (21ms)
	LoadAllAssembliesAndSetupDomain (283ms)
		LoadAssemblies (357ms)
		RebuildTransferFunctionScriptingTraits (0ms)
		AnalyzeDomain (19ms)
			TypeCache.Refresh (11ms)
				TypeCache.ScanAssembly (0ms)
			ScanForSourceGeneratedMonoScriptInfo (0ms)
			ResolveRequiredComponents (7ms)
	FinalizeReload (1084ms)
		ReleaseScriptCaches (0ms)
		RebuildScriptCaches (0ms)
		SetupLoadedEditorAssemblies (734ms)
			LogAssemblyErrors (0ms)
			InitializePlatformSupportModulesInManaged (17ms)
			SetLoadedEditorAssemblies (4ms)
			RefreshPlugins (0ms)
			BeforeProcessingInitializeOnLoad (52ms)
			ProcessInitializeOnLoadAttributes (490ms)
			ProcessInitializeOnLoadMethodAttributes (168ms)
			AfterProcessingInitializeOnLoad (2ms)
			EditorAssembliesLoaded (1ms)
		ExecutionOrderSort2 (0ms)
		AwakeInstancesAfterBackupRestoration (7ms)
Refreshing native plugins compatible for Editor in 5.13 ms, found 3 plugins.
Preloading 0 native plugins for Editor in 0.00 ms.
Unloading 4281 Unused Serialized files (Serialized files now loaded: 0)
Unloading 62 unused Assets / (188.3 KB). Loaded Objects now: 4761.
Memory consumption went from 152.4 MB to 152.2 MB.
Total: 8.446900 ms (FindLiveObjects: 0.592400 ms CreateObjectMapping: 0.163200 ms MarkObjects: 7.436500 ms  DeleteObjects: 0.251100 ms)

Prepare: number of updated asset objects reloaded= 0
AssetImportParameters requested are different than current active one (requested -> active):
  custom:container-demuxer-ogg: 62fdf1f143b41e24485cea50d1cbac27 -> 
  custom:video-codec-MediaFoundation-h265: 746d11721c4dcdbdad8f713fa42b33f4 -> 
  custom:video-decoder-ogg-theora: a1e56fd34408186e4bbccfd4996cb3dc -> 
  custom:framework-win-MediaFoundation: 216162199b28c13a410421893ffa2e32 -> 
  custom:CustomObjectIndexerAttribute: 9a22284fe3817be447336de3de66b15e -> 
  custom:container-demuxer-webm: 4f35f7cbe854078d1ac9338744f61a02 -> 
  custom:container-muxer-webm: aa71ff27fc2769a1b78a27578f13a17b -> 
  custom:video-decoder-webm-vp8: 9c59270c3fd7afecdb556c50c9e8de78 -> 
  custom:SearchIndexIgnoredProperties: e643bd26f0fe6173181afceb89e7c659 -> 
  custom:AudioImporter_EditorPlatform: d09bf68614088b80899f8185d706f6e7 -> 
  custom:video-encoder-webm-vp8: eb34c28f22e8b96e1ab97ce403110664 -> 
  custom:audio-decoder-ogg-vorbis: bf7c407c2cedff20999df2af8eb42d56 -> 
  custom:audio-encoder-webm-vorbis: bf7c407c2cedff20999df2af8eb42d56 -> 
Editor requested this worker to shutdown with reason: Scaling down because of idle timeout
TcpMessagingSession - receive error
AssetImportWorkerClient::OnTransportError - code=2 error=End of file
AssetImportWorker is now disconnected from the server
Process exiting
Exiting without the bug reporter. Application will terminate with return code 0